Log file open, 03/08/17 23:13:10
LogInit:Display: Running engine for game: IKSDEDE
LogPlatformFile: Not using cached read wrapper
LogInit:Display: RandInit(1530370549) SRandInit(1530370549).
LogTaskGraph: Started task graph with 5 named threads and 8 total threads with 1 sets of task threads.
LogStats: Stats thread started at 0.061536
LogPluginManager: Loaded Plugin Paper2D, From D:/Programy/UnrealEngine/UE_4.13/Engine/Plugins/2D/Paper2D/Paper2D.uplugin
LogPluginManager: Loaded Plugin LightPropagationVolume, From D:/Programy/UnrealEngine/UE_4.13/Engine/Plugins/Blendables/LightPropagationVolume/LightPropagationVolume.uplugin
LogPluginManager: Loaded Plugin BlankPlugin, From D:/Programy/UnrealEngine/UE_4.13/Engine/Plugins/Developer/BlankPlugin/BlankPlugin.uplugin
LogPluginManager: Loaded Plugin CodeLiteSourceCodeAccess, From D:/Programy/UnrealEngine/UE_4.13/Engine/Plugins/Developer/CodeLiteSourceCodeAccess/CodeLiteSourceCodeAccess.uplugin
LogPluginManager: Loaded Plugin GitSourceControl, From D:/Programy/UnrealEngine/UE_4.13/Engine/Plugins/Developer/GitSourceControl/GitSourceControl.uplugin
LogPluginManager: Loaded Plugin KDevelopSourceCodeAccess, From D:/Programy/UnrealEngine/UE_4.13/Engine/Plugins/Developer/KDevelopSourceCodeAccess/KDevelopSourceCodeAccess.uplugin
LogPluginManager: Loaded Plugin NullSourceCodeAccess, From D:/Programy/UnrealEngine/UE_4.13/Engine/Plugins/Developer/NullSourceCodeAccess/NullSourceCodeAccess.uplugin
LogPluginManager: Loaded Plugin OneSkyLocalizationService, From D:/Programy/UnrealEngine/UE_4.13/Engine/Plugins/Developer/OneSkyLocalizationService/OneSkyLocalizationService.uplugin
LogPluginManager: Loaded Plugin PerforceSourceControl, From D:/Programy/UnrealEngine/UE_4.13/Engine/Plugins/Developer/PerforceSourceControl/PerforceSourceControl.uplugin
LogPluginManager: Loaded Plugin SubversionSourceControl, From D:/Programy/UnrealEngine/UE_4.13/Engine/Plugins/Developer/SubversionSourceControl/SubversionSourceControl.uplugin
LogPluginManager: Loaded Plugin UObjectPlugin, From D:/Programy/UnrealEngine/UE_4.13/Engine/Plugins/Developer/UObjectPlugin/UObjectPlugin.uplugin
LogPluginManager: Loaded Plugin VisualStudioSourceCodeAccess, From D:/Programy/UnrealEngine/UE_4.13/Engine/Plugins/Developer/VisualStudioSourceCodeAccess/VisualStudioSourceCodeAccess.uplugin
LogPluginManager: Loaded Plugin XCodeSourceCodeAccess, From D:/Programy/UnrealEngine/UE_4.13/Engine/Plugins/Developer/XCodeSourceCodeAccess/XCodeSourceCodeAccess.uplugin
LogPluginManager: Loaded Plugin EpicSurvey, From D:/Programy/UnrealEngine/UE_4.13/Engine/Plugins/Editor/EpicSurvey/EpicSurvey.uplugin
LogPluginManager: Loaded Plugin MacGraphicsSwitching, From D:/Programy/UnrealEngine/UE_4.13/Engine/Plugins/Editor/MacGraphicsSwitching/MacGraphicsSwitching.uplugin
LogPluginManager: Loaded Plugin MobileLauncherProfileWizard, From D:/Programy/UnrealEngine/UE_4.13/Engine/Plugins/Editor/MobileLauncherProfileWizard/MobileLauncherProfileWizard.uplugin
LogPluginManager: Loaded Plugin PluginBrowser, From D:/Programy/UnrealEngine/UE_4.13/Engine/Plugins/Editor/PluginBrowser/PluginBrowser.uplugin
LogPluginManager: Loaded Plugin SpeedTreeImporter, From D:/Programy/UnrealEngine/UE_4.13/Engine/Plugins/Editor/SpeedTreeImporter/SpeedTreeImporter.uplugin
LogPluginManager: Loaded Plugin SuperSearchEditor, From D:/Programy/UnrealEngine/UE_4.13/Engine/Plugins/Editor/SuperSearchEditor/SuperSearchEditor.uplugin
LogPluginManager: Loaded Plugin AlembicImporter, From D:/Programy/UnrealEngine/UE_4.13/Engine/Plugins/Experimental/AlembicImporter/AlembicImporter.uplugin
LogPluginManager: Loaded Plugin BlueprintStats, From D:/Programy/UnrealEngine/UE_4.13/Engine/Plugins/Experimental/BlueprintStats/BlueprintStats.uplugin
LogPluginManager: Loaded Plugin CharacterAI, From D:/Programy/UnrealEngine/UE_4.13/Engine/Plugins/Experimental/CharacterAI/CharacterAI.uplugin
LogPluginManager: Loaded Plugin CodeEditor, From D:/Programy/UnrealEngine/UE_4.13/Engine/Plugins/Experimental/CodeEditor/CodeEditor.uplugin
LogPluginManager: Loaded Plugin CodeView, From D:/Programy/UnrealEngine/UE_4.13/Engine/Plugins/Experimental/CodeView/CodeView.uplugin
LogPluginManager: Loaded Plugin HTML5Networking, From D:/Programy/UnrealEngine/UE_4.13/Engine/Plugins/Experimental/HTML5Networking/HTML5Networking.uplugin
LogPluginManager: Loaded Plugin LiveEditor, From D:/Programy/UnrealEngine/UE_4.13/Engine/Plugins/Experimental/LiveEditor/LiveEditor.uplugin
LogPluginManager: Loaded Plugin OSVR, From D:/Programy/UnrealEngine/UE_4.13/Engine/Plugins/Experimental/OSVR/OSVR.uplugin
LogPluginManager: Loaded Plugin Phya, From D:/Programy/UnrealEngine/UE_4.13/Engine/Plugins/Experimental/Phya/Phya.uplugin
LogPluginManager: Loaded Plugin SignificanceManager, From D:/Programy/UnrealEngine/UE_4.13/Engine/Plugins/Experimental/SignificanceManager/SignificanceManager.uplugin
LogPluginManager: Loaded Plugin SimpleHMD, From D:/Programy/UnrealEngine/UE_4.13/Engine/Plugins/Experimental/SimpleHMD/SimpleHMD.uplugin
LogPluginManager: Loaded Plugin StereoPanorama, From D:/Programy/UnrealEngine/UE_4.13/Engine/Plugins/Experimental/StereoPanorama/StereoPanorama.uplugin
LogPluginManager: Loaded Plugin StructBox, From D:/Programy/UnrealEngine/UE_4.13/Engine/Plugins/Experimental/StructBox/StructBox.uplugin
LogPluginManager: Loaded Plugin Substance, From D:/Programy/UnrealEngine/UE_4.13/Engine/Plugins/Marketplace/Substance/Substance.uplugin
LogPluginManager: Loaded Plugin AndroidMedia, From D:/Programy/UnrealEngine/UE_4.13/Engine/Plugins/Media/AndroidMedia/AndroidMedia.uplugin
LogPluginManager: Loaded Plugin AvfMedia, From D:/Programy/UnrealEngine/UE_4.13/Engine/Plugins/Media/AvfMedia/AvfMedia.uplugin
LogPluginManager: Loaded Plugin MediaPlayerEditor, From D:/Programy/UnrealEngine/UE_4.13/Engine/Plugins/Media/MediaPlayerEditor/MediaPlayerEditor.uplugin
LogPluginManager: Loaded Plugin WmfMedia, From D:/Programy/UnrealEngine/UE_4.13/Engine/Plugins/Media/WmfMedia/WmfMedia.uplugin
LogPluginManager: Loaded Plugin MessagingDebugger, From D:/Programy/UnrealEngine/UE_4.13/Engine/Plugins/Messaging/MessagingDebugger/MessagingDebugger.uplugin
LogPluginManager: Loaded Plugin TcpMessaging, From D:/Programy/UnrealEngine/UE_4.13/Engine/Plugins/Messaging/TcpMessaging/TcpMessaging.uplugin
LogPluginManager: Loaded Plugin UdpMessaging, From D:/Programy/UnrealEngine/UE_4.13/Engine/Plugins/Messaging/UdpMessaging/UdpMessaging.uplugin
LogPluginManager: Loaded Plugin LevelSequenceEditor, From D:/Programy/UnrealEngine/UE_4.13/Engine/Plugins/MovieScene/LevelSequenceEditor/LevelSequenceEditor.uplugin
LogPluginManager: Loaded Plugin MatineeToLevelSequence, From D:/Programy/UnrealEngine/UE_4.13/Engine/Plugins/MovieScene/MatineeToLevelSequence/MatineeToLevelSequence.uplugin
LogPluginManager: Loaded Plugin NetcodeUnitTest, From D:/Programy/UnrealEngine/UE_4.13/Engine/Plugins/NetcodeUnitTest/NetcodeUnitTest/NetcodeUnitTest.uplugin
LogPluginManager: Loaded Plugin NUTUnrealEngine4, From D:/Programy/UnrealEngine/UE_4.13/Engine/Plugins/NetcodeUnitTest/NUTUnrealEngine4/NUTUnrealEngine4.uplugin
LogPluginManager: Loaded Plugin OnlineSubsystemGooglePlay, From D:/Programy/UnrealEngine/UE_4.13/Engine/Plugins/Online/Android/OnlineSubsystemGooglePlay/OnlineSubsystemGooglePlay.uplugin
LogPluginManager: Loaded Plugin OnlineSubsystemIOS, From D:/Programy/UnrealEngine/UE_4.13/Engine/Plugins/Online/IOS/OnlineSubsystemIOS/OnlineSubsystemIOS.uplugin
LogPluginManager: Loaded Plugin OnlineFramework, From D:/Programy/UnrealEngine/UE_4.13/Engine/Plugins/Online/OnlineFramework/OnlineFramework.uplugin
LogPluginManager: Loaded Plugin OnlineSubsystem, From D:/Programy/UnrealEngine/UE_4.13/Engine/Plugins/Online/OnlineSubsystem/OnlineSubsystem.uplugin
LogPluginManager: Loaded Plugin OnlineSubsystemAmazon, From D:/Programy/UnrealEngine/UE_4.13/Engine/Plugins/Online/OnlineSubsystemAmazon/OnlineSubsystemAmazon.uplugin
LogPluginManager: Loaded Plugin OnlineSubsystemFacebook, From D:/Programy/UnrealEngine/UE_4.13/Engine/Plugins/Online/OnlineSubsystemFacebook/OnlineSubsystemFacebook.uplugin
LogPluginManager: Loaded Plugin OnlineSubsystemNull, From D:/Programy/UnrealEngine/UE_4.13/Engine/Plugins/Online/OnlineSubsystemNull/OnlineSubsystemNull.uplugin
LogPluginManager: Loaded Plugin OnlineSubsystemOculus, From D:/Programy/UnrealEngine/UE_4.13/Engine/Plugins/Online/OnlineSubsystemOculus/OnlineSubsystemOculus.uplugin
LogPluginManager: Loaded Plugin OnlineSubsystemSteam, From D:/Programy/UnrealEngine/UE_4.13/Engine/Plugins/Online/OnlineSubsystemSteam/OnlineSubsystemSteam.uplugin
LogPluginManager: Loaded Plugin OnlineSubsystemUtils, From D:/Programy/UnrealEngine/UE_4.13/Engine/Plugins/Online/OnlineSubsystemUtils/OnlineSubsystemUtils.uplugin
LogPluginManager: Loaded Plugin IOSTapJoy, From D:/Programy/UnrealEngine/UE_4.13/Engine/Plugins/Runtime/Advertising/IOSTapJoy/IOSTapJoy.uplugin
LogPluginManager: Loaded Plugin AnalyticsBlueprintLibrary, From D:/Programy/UnrealEngine/UE_4.13/Engine/Plugins/Runtime/Analytics/AnalyticsBlueprintLibrary/AnalyticsBlueprintLibrary.uplugin
LogPluginManager: Loaded Plugin AnalyticsMulticast, From D:/Programy/UnrealEngine/UE_4.13/Engine/Plugins/Runtime/Analytics/AnalyticsMulticast/AnalyticsMulticast.uplugin
LogPluginManager: Loaded Plugin Apsalar, From D:/Programy/UnrealEngine/UE_4.13/Engine/Plugins/Runtime/Analytics/Apsalar/Apsalar.uplugin
LogPluginManager: Loaded Plugin FileLogging, From D:/Programy/UnrealEngine/UE_4.13/Engine/Plugins/Runtime/Analytics/FileLogging/FileLogging.uplugin
LogPluginManager: Loaded Plugin Flurry, From D:/Programy/UnrealEngine/UE_4.13/Engine/Plugins/Runtime/Analytics/Flurry/Flurry.uplugin
LogPluginManager: Loaded Plugin AndroidDeviceProfileSelector, From D:/Programy/UnrealEngine/UE_4.13/Engine/Plugins/Runtime/AndroidDeviceProfileSelector/AndroidDeviceProfileSelector.uplugin
LogPluginManager: Loaded Plugin AndroidMoviePlayer, From D:/Programy/UnrealEngine/UE_4.13/Engine/Plugins/Runtime/AndroidMoviePlayer/AndroidMoviePlayer.uplugin
LogPluginManager: Loaded Plugin AppleMoviePlayer, From D:/Programy/UnrealEngine/UE_4.13/Engine/Plugins/Runtime/AppleMoviePlayer/AppleMoviePlayer.uplugin
LogPluginManager: Loaded Plugin ArchVisCharacter, From D:/Programy/UnrealEngine/UE_4.13/Engine/Plugins/Runtime/ArchVisCharacter/ArchVisCharacter.uplugin
LogPluginManager: Loaded Plugin CableComponent, From D:/Programy/UnrealEngine/UE_4.13/Engine/Plugins/Runtime/CableComponent/CableComponent.uplugin
LogPluginManager: Loaded Plugin CustomMeshComponent, From D:/Programy/UnrealEngine/UE_4.13/Engine/Plugins/Runtime/CustomMeshComponent/CustomMeshComponent.uplugin
LogPluginManager: Loaded Plugin ExampleDeviceProfileSelector, From D:/Programy/UnrealEngine/UE_4.13/Engine/Plugins/Runtime/ExampleDeviceProfileSelector/ExampleDeviceProfileSelector.uplugin
LogPluginManager: Loaded Plugin GearVR, From D:/Programy/UnrealEngine/UE_4.13/Engine/Plugins/Runtime/GearVR/GearVR.uplugin
LogPluginManager: Loaded Plugin GoogleVRController, From D:/Programy/UnrealEngine/UE_4.13/Engine/Plugins/Runtime/GoogleVR/GoogleVRController/GoogleVRController.uplugin
LogPluginManager: Loaded Plugin GoogleVRHMD, From D:/Programy/UnrealEngine/UE_4.13/Engine/Plugins/Runtime/GoogleVR/GoogleVRHMD/GoogleVRHMD.uplugin
LogPluginManager: Loaded Plugin IOSDeviceProfileSelector, From D:/Programy/UnrealEngine/UE_4.13/Engine/Plugins/Runtime/IOSDeviceProfileSelector/IOSDeviceProfileSelector.uplugin
LogPluginManager: Loaded Plugin LeapMotion, From D:/Programy/UnrealEngine/UE_4.13/Engine/Plugins/Runtime/LeapMotion/LeapMotion.uplugin
LogPluginManager: Loaded Plugin LinuxDeviceProfileSelector, From D:/Programy/UnrealEngine/UE_4.13/Engine/Plugins/Runtime/LinuxDeviceProfileSelector/LinuxDeviceProfileSelector.uplugin
LogPluginManager: Loaded Plugin LiveEditorListenServer, From D:/Programy/UnrealEngine/UE_4.13/Engine/Plugins/Runtime/LiveEditorListenServer/LiveEditorListenServer.uplugin
LogPluginManager: Loaded Plugin OculusAudio, From D:/Programy/UnrealEngine/UE_4.13/Engine/Plugins/Runtime/OculusAudio/OculusAudio.uplugin
LogPluginManager: Loaded Plugin OculusInput, From D:/Programy/UnrealEngine/UE_4.13/Engine/Plugins/Runtime/OculusInput/OculusInput.uplugin
LogPluginManager: Loaded Plugin OculusLibrary, From D:/Programy/UnrealEngine/UE_4.13/Engine/Plugins/Runtime/OculusLibrary/OculusLibrary.uplugin
LogPluginManager: Loaded Plugin OculusRift, From D:/Programy/UnrealEngine/UE_4.13/Engine/Plugins/Runtime/OculusRift/OculusRift.uplugin
LogPluginManager: Loaded Plugin Oodle, From D:/Programy/UnrealEngine/UE_4.13/Engine/Plugins/Runtime/PacketHandlers/CompressionComponents/Oodle/Oodle.uplugin
LogPluginManager: Loaded Plugin ProceduralMeshComponent, From D:/Programy/UnrealEngine/UE_4.13/Engine/Plugins/Runtime/ProceduralMeshComponent/ProceduralMeshComponent.uplugin
LogPluginManager: Loaded Plugin SoundMod, From D:/Programy/UnrealEngine/UE_4.13/Engine/Plugins/Runtime/SoundMod/SoundMod.uplugin
LogPluginManager: Loaded Plugin SoundVisualizations, From D:/Programy/UnrealEngine/UE_4.13/Engine/Plugins/Runtime/SoundVisualizations/SoundVisualizations.uplugin
LogPluginManager: Loaded Plugin SteamController, From D:/Programy/UnrealEngine/UE_4.13/Engine/Plugins/Runtime/Steam/SteamController/SteamController.uplugin
LogPluginManager: Loaded Plugin SteamVR, From D:/Programy/UnrealEngine/UE_4.13/Engine/Plugins/Runtime/Steam/SteamVR/SteamVR.uplugin
LogPluginManager: Loaded Plugin WebBrowserWidget, From D:/Programy/UnrealEngine/UE_4.13/Engine/Plugins/Runtime/WebBrowserWidget/WebBrowserWidget.uplugin
LogPluginManager: Loaded Plugin WindowsDeviceProfileSelector, From D:/Programy/UnrealEngine/UE_4.13/Engine/Plugins/Runtime/WindowsDeviceProfileSelector/WindowsDeviceProfileSelector.uplugin
LogPluginManager: Loaded Plugin WindowsMoviePlayer, From D:/Programy/UnrealEngine/UE_4.13/Engine/Plugins/Runtime/WindowsMoviePlayer/WindowsMoviePlayer.uplugin
LogPluginManager: Loaded Plugin ScriptPlugin, From D:/Programy/UnrealEngine/UE_4.13/Engine/Plugins/ScriptPlugin/ScriptPlugin.uplugin
LogPluginManager: Loaded Plugin SlateRemote, From D:/Programy/UnrealEngine/UE_4.13/Engine/Plugins/Slate/SlateRemote/SlateRemote.uplugin
LogInit: Using libcurl 7.47.1
LogInit:  - built for x86_64-pc-win32
LogInit:  - supports SSL with WinSSL
LogInit:  - other features:
LogInit:      CURL_VERSION_SSL
LogInit:      CURL_VERSION_IPV6
LogInit:      CURL_VERSION_ASYNCHDNS
LogInit:      CURL_VERSION_LARGEFILE
LogInit:      CURL_VERSION_IDN
LogInit:  CurlRequestOptions (configurable via config and command line):
LogInit:  - bVerifyPeer = false  - Libcurl will NOT verify peer certificate
LogInit:  - bUseHttpProxy = false  - Libcurl will NOT use HTTP proxy
LogInit:  - bDontReuseConnections = false  - Libcurl will reuse connections
LogInit:  - CertBundlePath = nullptr  - Libcurl will use whatever was configured at build time.
LogInit: Build: ++UE4+Release-4.13-CL-3172292
LogInit: Engine Version: 4.13.2-3172292+++UE4+Release-4.13
LogInit: Compatible Engine Version: 4.13.0-3106830+++UE4+Release-4.13
LogInit: Net CL: 3172292
LogDevObjectVersion: Number of dev versions registered: 13
LogDevObjectVersion:   Dev-Blueprints (B0D832E4-1F89-4F0D-ACCF-7EB736FD4AA2): 5
LogDevObjectVersion:   Dev-Build (E1C64328-A22C-4D53-A36C-8E866417BD8C): 0
LogDevObjectVersion:   Dev-Core (375EC13C-06E4-48FB-B500-84F0262A717E): 1
LogDevObjectVersion:   Dev-Editor (E4B068ED-F494-42E9-A231-DA0B2E46BB41): 6
LogDevObjectVersion:   Dev-Framework (CFFC743F-43B0-4480-9391-14DF171D2073): 12
LogDevObjectVersion:   Dev-Mobile (B02B49B5-BB20-44E9-A304-32B752E40360): 0
LogDevObjectVersion:   Dev-Networking (A4E4105C-59A1-49B5-A7C5-40C4547EDFEE): 0
LogDevObjectVersion:   Dev-Online (39C831C9-5AE6-47DC-9A44-9C173E1C8E7C): 0
LogDevObjectVersion:   Dev-Physics (78F01B33-EBEA-4F98-B9B4-84EACCB95AA2): 0
LogDevObjectVersion:   Dev-Platform (6631380F-2D4D-43E0-8009-CF276956A95A): 0
LogDevObjectVersion:   Dev-Rendering (12F88B9F-8875-4AFC-A67C-D90C383ABD29): 4
LogDevObjectVersion:   Dev-Sequencer (7B5AE74C-D270-4C10-A958-57980B212A5A): 0
LogDevObjectVersion:   Dev-VR (D7296918-1DD6-4BDD-9DE2-64A83CC13884): 0
LogInit: Compiled (64-bit): Oct 24 2016 14:29:06
LogInit: Compiled with Visual C++: 19.00.23026.00
LogInit: Build Configuration: Development
LogInit: Branch Name: ++UE4+Release-4.13
LogInit: Command line:  
LogInit: Base directory: D:/Programy/UnrealEngine/UE_4.13/Engine/Binaries/Win64/
LogInit: Installed Engine Build: 1
LogInit: Presizing for max 8388607 objects, including 0 objects not considered by GC, pre-allocating 0 bytes for permanent pool.
LogInit: Object subsystem initialized
[2017.03.08-22.13.11:046][  0]LogInit: Selected Device Profile: [Windows]
[2017.03.08-22.13.11:046][  0]LogInit: Applying CVar settings loaded from the selected device profile: [Windows]
[2017.03.08-22.13.11:054][  0]LogInit: Computer: DESKTOP-ECHVAVT
[2017.03.08-22.13.11:054][  0]LogInit: User: Beny
[2017.03.08-22.13.11:054][  0]LogInit: CPU Page size=65536, Cores=4
[2017.03.08-22.13.11:054][  0]LogInit: High frequency timer resolution =3.421874 MHz
[2017.03.08-22.13.11:054][  0]LogMemory: Memory total: Physical=15.9GB (16GB approx)
[2017.03.08-22.13.11:054][  0]LogMemory: Platform Memory Stats for Windows
[2017.03.08-22.13.11:054][  0]LogMemory: Process Physical Memory: 255.05 MB used, 255.05 MB peak
[2017.03.08-22.13.11:054][  0]LogMemory: Process Virtual Memory: 259.69 MB used, 259.69 MB peak
[2017.03.08-22.13.11:054][  0]LogMemory: Physical Memory: 8308.66 MB used, 16329.71 MB total
[2017.03.08-22.13.11:054][  0]LogMemory: Virtual Memory: 622.16 MB used, 134217728.00 MB total
[2017.03.08-22.13.11:080][  0]LogTextLocalizationManager: No translations for ('pl-PL') exist, falling back to 'en' for localization and internationalization data.
[2017.03.08-22.13.11:586][  0]LogD3D11RHI: D3D11 adapters:
[2017.03.08-22.13.12:007][  0]LogD3D11RHI:    0. 'NVIDIA GeForce GTX 1070' (Feature Level 11_0)
[2017.03.08-22.13.12:007][  0]LogD3D11RHI:       8119/0/8164 MB DedicatedVideo/DedicatedSystem/SharedSystem, Outputs:1, VendorId:0x10de
[2017.03.08-22.13.12:008][  0]LogD3D11RHI:    1. 'Microsoft Basic Render Driver' (Feature Level 11_0)
[2017.03.08-22.13.12:008][  0]LogD3D11RHI:       0/0/8164 MB DedicatedVideo/DedicatedSystem/SharedSystem, Outputs:0, VendorId:0x1414
[2017.03.08-22.13.12:008][  0]LogD3D11RHI: Chosen D3D11 Adapter: 0
[2017.03.08-22.13.12:011][  0]LogD3D11RHI: Creating new Direct3DDevice
[2017.03.08-22.13.12:011][  0]LogD3D11RHI:     GPU DeviceId: 0x1b81 (for the marketing name, search the web for "GPU Device Id")
[2017.03.08-22.13.12:011][  0]LogWindows: EnumDisplayDevices:
[2017.03.08-22.13.12:011][  0]LogWindows:    0. 'NVIDIA GeForce GTX 1070' (P:1 D:1)
[2017.03.08-22.13.12:011][  0]LogWindows:    1. 'NVIDIA GeForce GTX 1070' (P:0 D:0)
[2017.03.08-22.13.12:011][  0]LogWindows:    2. 'NVIDIA GeForce GTX 1070' (P:0 D:0)
[2017.03.08-22.13.12:011][  0]LogWindows:    3. 'NVIDIA GeForce GTX 1070' (P:0 D:0)
[2017.03.08-22.13.12:011][  0]LogWindows: DebugString: FoundDriverCount:4 
[2017.03.08-22.13.12:011][  0]LogD3D11RHI:     Adapter Name: NVIDIA GeForce GTX 1070
[2017.03.08-22.13.12:011][  0]LogD3D11RHI:   Driver Version: 378.49 (internal:21.21.13.7849, unified:378.49)
[2017.03.08-22.13.12:011][  0]LogD3D11RHI:      Driver Date: 1-20-2017
[2017.03.08-22.13.12:011][  0]LogRHI: Texture pool is 1361 MB (70% of 1945 MB)
[2017.03.08-22.13.12:402][  0]LogD3D11RHI: Async texture creation enabled
[2017.03.08-22.13.12:436][  0]LogD3D11RHI: GPU Timing Frequency: 1000.000000 (Debug: 2 2)
[2017.03.08-22.13.12:436][  0]LogShaderCompilers: Guid format shader working directory is -4 characters bigger than the processId version (../../../../../../PROJEKTY/StarterContent/IKSDEDE/Intermediate/Shaders/WorkingDirectory/4208/).
[2017.03.08-22.13.12:436][  0]LogShaderCompilers: Cleaned the shader compiler working directory 'C:/Users/Beny/AppData/Local/Temp/UnrealShaderWorkingDir/C82D92154D9870397B6FAA839F0F2BD5/'.
[2017.03.08-22.13.12:436][  0]LogShaderCompilers:Display: Using Local Shader Compiler.
[2017.03.08-22.13.13:135][  0]LogTemp:Display: Loaded TP AllDesktopTargetPlatform
[2017.03.08-22.13.13:142][  0]LogTemp:Display: Loaded TP WindowsClientTargetPlatform
[2017.03.08-22.13.13:147][  0]LogTemp:Display: Loaded TP WindowsNoEditorTargetPlatform
[2017.03.08-22.13.13:152][  0]LogTemp:Display: Loaded TP WindowsServerTargetPlatform
[2017.03.08-22.13.13:157][  0]LogTemp:Display: Loaded TP WindowsTargetPlatform
[2017.03.08-22.13.13:162][  0]LogTemp:Display: Loaded TP AndroidTargetPlatform
[2017.03.08-22.13.13:167][  0]LogTemp:Display: Loaded TP Android_ASTCTargetPlatform
[2017.03.08-22.13.13:172][  0]LogTemp:Display: Loaded TP Android_ATCTargetPlatform
[2017.03.08-22.13.13:177][  0]LogTemp:Display: Loaded TP Android_DXTTargetPlatform
[2017.03.08-22.13.13:183][  0]LogTemp:Display: Loaded TP Android_ETC1TargetPlatform
[2017.03.08-22.13.13:187][  0]LogTemp:Display: Loaded TP Android_ETC2TargetPlatform
[2017.03.08-22.13.13:196][  0]LogTemp:Display: Loaded TP Android_MultiTargetPlatform
[2017.03.08-22.13.13:196][  0]LogTemp:Display: Loaded TP Android_PVRTCTargetPlatform
[2017.03.08-22.13.13:197][  0]LogTemp:Display: Loaded TP HTML5TargetPlatform
[2017.03.08-22.13.13:213][  0]LogTemp:Display: Loaded TP IOSTargetPlatform
[2017.03.08-22.13.13:218][  0]LogTemp:Display: Loaded TP TVOSTargetPlatform
[2017.03.08-22.13.13:223][  0]LogTemp:Display: Loaded TP LinuxClientTargetPlatform
[2017.03.08-22.13.13:227][  0]LogTemp:Display: Loaded TP LinuxNoEditorTargetPlatform
[2017.03.08-22.13.13:233][  0]LogTemp:Display: Loaded TP LinuxServerTargetPlatform
[2017.03.08-22.13.13:238][  0]LogTemp:Display: Loaded TP LinuxTargetPlatform
[2017.03.08-22.13.13:238][  0]LogTargetPlatformManager:Display: Building Assets For Windows
[2017.03.08-22.13.13:287][  0]LogDerivedDataCache:Display: Max Cache Size: 512 MB
[2017.03.08-22.13.13:331][  0]LogDerivedDataCache: Loaded boot cache 0.04s 62MB C:/Users/Beny/AppData/Local/UnrealEngine/4.13/DerivedDataCache/Boot.ddc.
[2017.03.08-22.13.13:331][  0]LogDerivedDataCache:Display: Loaded Boot cache: C:/Users/Beny/AppData/Local/UnrealEngine/4.13/DerivedDataCache/Boot.ddc
[2017.03.08-22.13.13:331][  0]LogDerivedDataCache: FDerivedDataBackendGraph:  Pak pak cache file ../../../../../../PROJEKTY/StarterContent/IKSDEDE/DerivedDataCache/DDC.ddp not found, will not use a pak cache.
[2017.03.08-22.13.13:331][  0]LogDerivedDataCache: Unable to find inner node Pak for hierarchical cache Hierarchy.
[2017.03.08-22.13.13:331][  0]LogDerivedDataCache: FDerivedDataBackendGraph:  CompressedPak pak cache file ../../../../../../PROJEKTY/StarterContent/IKSDEDE/DerivedDataCache/Compressed.ddp not found, will not use a pak cache.
[2017.03.08-22.13.13:331][  0]LogDerivedDataCache: Unable to find inner node CompressedPak for hierarchical cache Hierarchy.
[2017.03.08-22.13.13:343][  0]LogDerivedDataCache:Display: Pak cache opened for reading ../../../Engine/DerivedDataCache/Compressed.ddp.
[2017.03.08-22.13.13:354][  0]LogDerivedDataCache: Using Local data cache path C:/Users/Beny/AppData/Local/UnrealEngine/Common/DerivedDataCache: Writable
[2017.03.08-22.13.13:496][  0]LogInit: Selected Device Profile: [Windows]
[2017.03.08-22.13.13:497][  0]LogContentStreaming: Texture pool size is 0.00 MB
[2017.03.08-22.13.13:562][  0]LogMeshUtilities: No automatic mesh reduction module available
[2017.03.08-22.13.13:562][  0]LogMeshUtilities: No automatic mesh merging module available
[2017.03.08-22.13.13:562][  0]LogMeshUtilities: No distributed automatic mesh merging module available
[2017.03.08-22.13.13:606][  0]LogMaterial: Uniform references updated for custom material expression Custom.
[2017.03.08-22.13.13:813][  0]LogNetVersion: GetLocalNetworkVersion: CL: 3106830, ProjectName: iksdede, ProjectVersion: , EngineNetworkVersion: 1, GameNetworkVersion: 0, NetworkChecksum: 3703674591
[2017.03.08-22.13.13:845][  0]LogAssetRegistry: FAssetRegistry took 0.0212 seconds to start up
[2017.03.08-22.13.13:856][  0]LogPackageLocalizationCache: Processed 3 localized package path(s) for 1 prioritized culture(s) in 0.010252 seconds
[2017.03.08-22.13.13:859][  0]LogUObjectArray: 29778 objects as part of root set at end of initial load.
[2017.03.08-22.13.13:859][  0]LogUObjectAllocator: 6125448 out of 0 bytes used by permanent object pool.
[2017.03.08-22.13.13:859][  0]LogUObjectArray: CloseDisregardForGC: 0/0 objects in disregard for GC pool
[2017.03.08-22.13.13:863][  0]LogInit: WinSock: version 1.1 (2.2), MaxSocks=32767, MaxUdp=65467
[2017.03.08-22.13.13:998][  0]LogSlate: SlateFontCache - WITH_FREETYPE: 1, WITH_HARFBUZZ: 1
[2017.03.08-22.13.13:998][  0]LogSlate: SlateFontCache - WITH_FREETYPE: 1, WITH_HARFBUZZ: 1
[2017.03.08-22.13.14:553][  0]LogSubstanceCoreModule: Substance CPU Engine Loaded, Max Texture Size 2048
[2017.03.08-22.13.14:560][  0]LogTcpMessaging: Initializing TcpMessaging bridge
[2017.03.08-22.13.14:578][  0]LogUdpMessaging: Initializing bridge on interface 0.0.0.0:0 to multicast group 230.0.0.1:6666.
[2017.03.08-22.13.14:768][  0]SourceControl: Info Source control is disabled
[2017.03.08-22.13.14:768][  0]SourceControl: Info Source control is disabled
[2017.03.08-22.13.14:775][  0]SourceControl: Info Source control is disabled
[2017.03.08-22.13.14:782][  0]SourceControl: Info Source control is disabled
[2017.03.08-22.13.14:999][  0]LogEngine: Initializing Engine...
[2017.03.08-22.13.14:999][  0]LogHMD: Failed to initialize OpenVR with code 110
[2017.03.08-22.13.15:096][  0]LogAIModule: Creating AISystem for world Untitled
[2017.03.08-22.13.15:110][  0]LogInit: XAudio2 using 'VoiceMeeter Input (VB-Audio VoiceMeeter VAIO)' : 2 channels at 44.1 kHz using 16 bits per sample (channel mask 0x3)
[2017.03.08-22.13.15:115][  0]LogInit: FAudioDevice initialized.
[2017.03.08-22.13.15:135][  0]LogDerivedDataCache: Saved boot cache 0.02s 62MB C:/Users/Beny/AppData/Local/UnrealEngine/4.13/DerivedDataCache/Boot.ddc.
[2017.03.08-22.13.15:142][  0]LogInit: Texture streaming: Enabled
[2017.03.08-22.13.15:154][  0]LogInit: Transaction tracking system initialized
[2017.03.08-22.13.15:163][  0]BlueprintLog: New page: Editor Load
[2017.03.08-22.13.15:205][  0]LocalizationService: Info Localization service is disabled
[2017.03.08-22.13.15:256][  0]LogConsoleResponse:Display: 
[2017.03.08-22.13.15:329][  0]LogCook:Display: Max memory allowance for cook 16384mb min free memory 0mb
[2017.03.08-22.13.15:329][  0]LogCook:Display: Mobile HDR setting 1
[2017.03.08-22.13.15:446][  0]LogFileCache: Scanning file cache for directory 'D:/PROJEKTY/StarterContent/IKSDEDE/Content/' took 0.01s
[2017.03.08-22.13.15:446][  0]SourceControl: Info Source control is disabled
[2017.03.08-22.13.15:446][  0]Cmd: MAP LOAD FILE="../../../../../../PROJEKTY/StarterContent/IKSDEDE/Content/ThirdPersonBP/Maps/ThirdPersonExampleMap.umap" TEMPLATE=0 SHOWPROGRESS=1 FEATURELEVEL=3
[2017.03.08-22.13.15:447][  0]LightingResults: New page: Lighting Build
[2017.03.08-22.13.15:448][  0]MapCheck: New page: Map Check
[2017.03.08-22.13.15:448][  0]LightingResults: New page: Lighting Build
[2017.03.08-22.13.15:750][  0]LogAIModule: Creating AISystem for world ThirdPersonExampleMap
[2017.03.08-22.13.15:756][  0]LogEditorServer: Finished looking for orphan Actors (0.000 secs)
[2017.03.08-22.13.15:757][  0]Cmd: MAP CHECKDEP NOCLEARLOG
[2017.03.08-22.13.15:792][  0]MapCheck: Info Map check complete: 0 Error(s), 0 Warning(s), took 34.629ms to complete.
[2017.03.08-22.13.15:792][  0]LogFileHelpers: Loading map 'ThirdPersonExampleMap' took 0.346
[2017.03.08-22.13.15:885][  0]LogCollectionManager: Loaded 0 collections in 0.000702 seconds
[2017.03.08-22.13.15:922][  0]LogFileCache: Scanning file cache for directory 'D:/PROJEKTY/StarterContent/IKSDEDE/Saved/Collections/' took 0.01s
[2017.03.08-22.13.15:922][  0]LogFileCache: Scanning file cache for directory 'D:/PROJEKTY/StarterContent/IKSDEDE/Content/Developers/Beny/Collections/' took 0.01s
[2017.03.08-22.13.15:922][  0]LogFileCache: Scanning file cache for directory 'D:/PROJEKTY/StarterContent/IKSDEDE/Content/Collections/' took 0.01s
[2017.03.08-22.13.15:922][  0]LogCollectionManager: Rebuilt the GUID cache for 0 collections in 0.000002 seconds
[2017.03.08-22.13.15:928][  0]LogContentBrowser: Native class hierarchy populated in 0.0062 seconds. Added 2156 classes and 421 folders.
[2017.03.08-22.13.15:930][  0]LogStats: UGameplayTagsManager::ConstructGameplayTagTree: Construct from data asset -  0.000 s
[2017.03.08-22.13.15:930][  0]LogStats: UGameplayTagsManager::ConstructGameplayTagTree: GameplayTagTreeChangedEvent.Broadcast -  0.000 s
[2017.03.08-22.13.15:930][  0]LogContentBrowser: Native class hierarchy updated for 'GameplayTags' in 0.0004 seconds. Added 12 classes and 0 folders.
[2017.03.08-22.13.15:933][  0]LogContentBrowser: Native class hierarchy updated for 'WidgetCarousel' in 0.0004 seconds. Added 0 classes and 0 folders.
[2017.03.08-22.13.15:974][  0]LogContentBrowser: Native class hierarchy updated for 'AddContentDialog' in 0.0005 seconds. Added 0 classes and 0 folders.
[2017.03.08-22.13.15:977][  0]LogContentBrowser: Native class hierarchy updated for 'SceneOutliner' in 0.0005 seconds. Added 1 classes and 2 folders.
[2017.03.08-22.13.16:026][  0]LogCrashTracker: Crashtracker disabled due to settings.
[2017.03.08-22.13.16:030][  0]LogUObjectGlobals:Warning: Failed to find object 'Class None.'
[2017.03.08-22.13.16:054][  0]LogContentBrowser: Native class hierarchy updated for 'HierarchicalLODOutliner' in 0.0004 seconds. Added 1 classes and 2 folders.
[2017.03.08-22.13.16:054][  0]LogLoad: (Engine Initialization) Total time: 5.65 seconds
[2017.03.08-22.13.16:054][  0]LogLoad: (Engine Initialization) Total Blueprint compile time: 0.07 seconds
[2017.03.08-22.13.16:054][  0]LogExternalProfiler: No external profilers were discovered.  External profiling features will not be available.
[2017.03.08-22.13.16:063][  0]LogWindowsTextInputMethodSystem:Display: IME system now deactivated.
[2017.03.08-22.13.16:063][  0]LogOcInput: OculusInput pre-init called
[2017.03.08-22.13.16:081][  0]LogContentStreaming: Texture pool size now 1000 MB
[2017.03.08-22.13.16:187][  0]LogRenderer: Reallocating scene render targets to support 1208x616 (Frame:2).
[2017.03.08-22.13.16:236][  1]LogAssetRegistry: Asset discovery search completed in 2.4133 seconds
[2017.03.08-22.13.16:236][  1]LogCollectionManager: Rebuilt the object cache for 0 collections in 0.000000 seconds (found 0 objects)
[2017.03.08-22.13.16:236][  1]LogCollectionManager: Fixed up redirectors for 0 collections in 0.000019 seconds (updated 0 objects)
[2017.03.08-22.13.19:916][429]Cmd: MAP LOAD FILE="../../../../../../PROJEKTY/StarterContent/IKSDEDE/Content/Maps/Level1.umap" TEMPLATE=0 SHOWPROGRESS=1 FEATURELEVEL=3
[2017.03.08-22.13.19:926][429]LightingResults: New page: Lighting Build
[2017.03.08-22.13.19:926][429]LoadErrors: New page: Loading map: Level1.umap
[2017.03.08-22.13.19:930][429]MapCheck: New page: Map Check
[2017.03.08-22.13.19:930][429]LightingResults: New page: Lighting Build
[2017.03.08-22.13.19:975][429]LogAIModule: Creating AISystem for world Level1
[2017.03.08-22.13.20:017][429]LogEditorServer: Finished looking for orphan Actors (0.000 secs)
[2017.03.08-22.13.20:034][429]Cmd: MAP CHECKDEP NOCLEARLOG
[2017.03.08-22.13.20:070][429]MapCheck: Info Map check complete: 0 Error(s), 0 Warning(s), took 36.025ms to complete.
[2017.03.08-22.13.20:070][429]LogFileHelpers: Loading map 'Level1' took 0.155
[2017.03.08-22.13.24:593][963]LogPlayLevel: PlayLevel: No blueprints needed recompiling
[2017.03.08-22.13.24:593][963]PIE: New page: PIE session: Level1 (Mar 9, 2017, 12:13:24 AM)
[2017.03.08-22.13.24:593][963]LogPlayLevel: Creating play world package: /Game/Maps/UEDPIE_0_Level1
[2017.03.08-22.13.24:612][963]LogPlayLevel: PIE: StaticDuplicateObject took: (0.019199s)
[2017.03.08-22.13.24:613][963]LogAIModule: Creating AISystem for world Level1
[2017.03.08-22.13.24:613][963]LogPlayLevel: PIE: World Init took: (0.000440s)
[2017.03.08-22.13.24:613][963]LogPlayLevel: PIE: Created PIE world by copying editor world from /Game/Maps/Level1.Level1 to /Game/Maps/UEDPIE_0_Level1.Level1 (0.019779s)
[2017.03.08-22.13.24:628][963]LogInit: XAudio2 using 'VoiceMeeter Input (VB-Audio VoiceMeeter VAIO)' : 2 channels at 44.1 kHz using 16 bits per sample (channel mask 0x3)
[2017.03.08-22.13.24:630][963]LogInit: FAudioDevice initialized.
[2017.03.08-22.13.24:673][963]LogWorld: Game class is 'ThirdPersonGameMode_C'
[2017.03.08-22.13.24:678][963]LogWorld: Bringing World /Game/Maps/UEDPIE_0_Level1.Level1 up for play (max tick rate 0) at 2017.03.08-23.13.24
[2017.03.08-22.13.24:678][963]LogWorld: Bringing up level for play took: 0.004232
[2017.03.08-22.13.24:680][963]LogContentBrowser: Native class hierarchy updated for 'MovieSceneCapture' in 0.0004 seconds. Added 11 classes and 0 folders.
[2017.03.08-22.13.24:680][963]LogGameMode:Display: Match State Changed from EnteringMap to WaitingToStart
[2017.03.08-22.13.24:680][963]LogGameState: Match State Changed from EnteringMap to WaitingToStart
[2017.03.08-22.13.24:680][963]LogGameMode:Display: Match State Changed from WaitingToStart to InProgress
[2017.03.08-22.13.24:681][963]LogGameState: Match State Changed from WaitingToStart to InProgress
[2017.03.08-22.13.24:682][963]PIE: Info Play in editor start time for /Game/Maps/UEDPIE_0_Level1 0.502
[2017.03.08-22.15.57:944][828]LogEditorViewport: Clicking on Actor (LMB): StaticMeshActor (Floor4)
[2017.03.08-22.15.58:644][898]LogEditorViewport: Clicking on Actor (LMB): BP_Sky_Sphere_C (Sky Sphere)
[2017.03.08-22.15.59:157][956]LogEditorViewport: Clicking on Actor (LMB): StaticMeshActor (Floor4)
[2017.03.08-22.16.06:929][850]LogEditorViewport: Clicking on Actor (LMB): BP_Sky_Sphere_C (Sky Sphere)
[2017.03.08-22.16.07:791][946]LogEditorViewport: Clicking on Actor (LMB): BP_Sky_Sphere_C (Sky Sphere)
[2017.03.08-22.16.15:167][784]Cmd: TRANSACTION UNDO
[2017.03.08-22.16.15:167][784]LogEditorTransaction: Undo Move Actors
[2017.03.08-22.16.15:376][800]Cmd: TRANSACTION UNDO
[2017.03.08-22.16.15:376][800]LogEditorTransaction: Undo Move Actors
[2017.03.08-22.16.16:251][896]LogEditorViewport: Clicking on Actor (LMB): StaticMeshActor (Floor4)
[2017.03.08-22.16.16:858][962]LogEditorViewport: Clicking on Actor (LMB): StaticMeshActor (Floor4)
[2017.03.08-22.16.20:419][362]LogEditorViewport: Clicking on Actor (LMB): StaticMeshActor (Floor4)
[2017.03.08-22.16.29:806][451]LogEditorViewport: Clicking on Actor (LMB): StaticMeshActor (Floor4)
[2017.03.08-22.16.34:149][936]LogEditorViewport: Clicking on Actor (LMB): StaticMeshActor (Floor4)
[2017.03.08-22.16.43:256][986]Cmd: BRUSH ADD SELECTNEWBRUSH
[2017.03.08-22.16.43:841][ 45]LogEditorViewport: Clicking on Actor (LMB): StaticMeshActor (Floor4)
[2017.03.08-22.16.55:199][363]LogGeometryMode:Warning: Unable to find 1 Edge(s) in new BSP
[2017.03.08-22.16.55:199][363]LogGeometryMode:Warning: Unable to resolve BoxBrush2 Brush in new BSP, see above
[2017.03.08-22.16.55:199][363]LogGeometryMode:Warning: Unable to find all previously selected geometry data, resetting selection
[2017.03.08-22.16.58:382][726]Cmd: DELETE
[2017.03.08-22.16.58:382][726]LogGeometryMode:Warning: Unable to find 1 Poly(s) in new BSP
[2017.03.08-22.16.58:382][726]LogGeometryMode:Warning: Unable to resolve BoxBrush2 Brush in new BSP, see above
[2017.03.08-22.16.58:382][726]LogGeometryMode:Warning: Unable to find all previously selected geometry data, resetting selection
[2017.03.08-22.16.59:489][853]Cmd: TRANSACTION UNDO
[2017.03.08-22.16.59:489][853]LogEditorTransaction: Undo Modifier [Edit]
[2017.03.08-22.16.59:673][872]Cmd: TRANSACTION UNDO
[2017.03.08-22.16.59:673][872]LogEditorTransaction: Undo Modifier [Delete]
[2017.03.08-22.16.59:694][872]LogActorComponent: ~FComponentReregisterContext: (/Game/Maps/Level1.Level1:PersistentLevel.BoxBrush17.BrushComponent0) Component already registered.
[2017.03.08-22.16.59:694][872]LogActorComponent: ~FComponentReregisterContext: (/Game/Maps/Level1.Level1:PersistentLevel.BoxBrush7.BrushComponent0) Component already registered.
[2017.03.08-22.16.59:695][872]LogActorComponent: ~FComponentReregisterContext: (/Game/Maps/Level1.Level1:PersistentLevel.BoxBrush10.BrushComponent0) Component already registered.
[2017.03.08-22.16.59:904][892]Cmd: TRANSACTION UNDO
[2017.03.08-22.16.59:904][892]LogEditorTransaction: Undo Modifier [Edit]
[2017.03.08-22.17.02:344][176]Cmd: DELETE
[2017.03.08-22.17.02:344][176]Cmd: ACTOR DELETE
[2017.03.08-22.17.02:346][176]LogEditorActor: Deleted Actor: Brush
[2017.03.08-22.17.02:383][176]LogEditorActor: Deleted 1 Actors (0.039 secs)
[2017.03.08-22.17.04:429][412]Cmd: OBJ SAVEPACKAGE PACKAGE="/Game/Maps/Level1" FILE="../../../../../../PROJEKTY/StarterContent/IKSDEDE/Content/Maps/Level1.umap" SILENT=true AUTOSAVING=false KEEPDIRTY=false
[2017.03.08-22.17.04:605][412]LogSavePackage: Save=162.62ms
[2017.03.08-22.17.04:605][412]LogSavePackage: Moving '../../../../../../PROJEKTY/StarterContent/IKSDEDE/Saved/Level1558427E44D4099DACC4C3D90CC542B10.tmp' to '../../../../../../PROJEKTY/StarterContent/IKSDEDE/Content/Maps/Level1.umap'
[2017.03.08-22.17.04:610][412]LogSavePackage:Display: Finished SavePackage ../../../../../../PROJEKTY/StarterContent/IKSDEDE/Content/Maps/Level1.umap
[2017.03.08-22.17.04:629][412]LogFileHelpers: Saving map 'Level1' took 0.238
[2017.03.08-22.17.26:671][902]Cmd: DELETE
[2017.03.08-22.17.26:671][902]Cmd: ACTOR DELETE
[2017.03.08-22.17.26:673][902]LogEditorActor: Deleted Actor: Brush
[2017.03.08-22.17.26:710][902]LogEditorActor: Deleted 1 Actors (0.038 secs)
[2017.03.08-22.17.28:513][110]Cmd: OBJ SAVEPACKAGE PACKAGE="/Game/Maps/Level1" FILE="../../../../../../PROJEKTY/StarterContent/IKSDEDE/Content/Maps/Level1.umap" SILENT=true AUTOSAVING=false KEEPDIRTY=false
[2017.03.08-22.17.28:643][110]LogSavePackage: Save=123.00ms
[2017.03.08-22.17.28:643][110]LogSavePackage: Moving '../../../../../../PROJEKTY/StarterContent/IKSDEDE/Saved/Level1F42B9C014F83F6A657DC2DA3D4FC6D64.tmp' to '../../../../../../PROJEKTY/StarterContent/IKSDEDE/Content/Maps/Level1.umap'
[2017.03.08-22.17.28:645][110]LogSavePackage:Display: Finished SavePackage ../../../../../../PROJEKTY/StarterContent/IKSDEDE/Content/Maps/Level1.umap
[2017.03.08-22.17.28:660][110]LogFileHelpers: Saving map 'Level1' took 0.184
[2017.03.08-22.17.29:553][217]MapCheck: New page: Map Check
[2017.03.08-22.17.29:563][217]Cmd: MAP REBUILD ALLVISIBLE
[2017.03.08-22.17.29:563][217]LogEditorServer: Rebuildmap Clear paths rebuilt
[2017.03.08-22.17.29:863][217]LogMaterial: Missing cached shader map for material FDebugViewModeMaterialProxy WorldGridMaterial, compiling. Is special engine material.
[2017.03.08-22.17.29:869][217]LogMaterial: Missing cached shader map for material FDebugViewModeMaterialProxy DefaultMaterial, compiling. 
[2017.03.08-22.17.29:873][217]LogMaterial: Missing cached shader map for material FDebugViewModeMaterialProxy MaterialInstanceDynamic_1, compiling. 
[2017.03.08-22.17.29:877][217]LogMaterial: Missing cached shader map for material FDebugViewModeMaterialProxy M_UE4Man_Body, compiling. 
[2017.03.08-22.17.29:882][217]LogMaterial: Missing cached shader map for material FDebugViewModeMaterialProxy M_UE4Man_ChestLogo, compiling. 
[2017.03.08-22.17.30:625][217]LogLevel:Display: Export Material TexCoord Scales took 0.003 seconds.
[2017.03.08-22.17.30:632][217]TextureStreamingBuild:Display: Build Texture Streaming took 0.007 seconds.
[2017.03.08-22.17.30:638][217]LightingResults: New page: Lighting Build - Mar 9, 2017, 12:17:30 AM
[2017.03.08-22.17.30:661][217]LogSwarmInterface: [OpenConnection] Registering TCP channel ...
[2017.03.08-22.17.30:696][217]LogSwarmInterface: [OpenConnection] Connecting to agent ...
[2017.03.08-22.17.30:701][217]LogSwarmInterface: [TryOpenConnection] Testing the Agent
[2017.03.08-22.17.31:207][217]LogSwarmInterface: [TryOpenConnection] Opening Connection to Agent
[2017.03.08-22.17.31:207][217]LogSwarmInterface: [TryOpenConnection] Local Process ID is 4208
[2017.03.08-22.17.33:287][217]LightingResults:Warning: Performance Warning No importance volume found and the scene is so large that the automatically synthesized volume will not yield good results.  Please add a tightly bounding lightmass importance volume to optimize your scene's quality and lighting build times.
[2017.03.08-22.17.33:287][217]LogStaticLightingSystem: Running Lightmass w/ ImmediateImport mode ENABLED
[2017.03.08-22.17.33:287][217]LogStaticLightingSystem: Running Lightmass w/ ImmediateProcess mode ENABLED
[2017.03.08-22.17.33:287][217]LogStaticLightingSystem: Running Lightmass w/ Sorting mode ENABLED
[2017.03.08-22.17.33:287][217]LogStaticLightingSystem: Running Lightmass w/ Mapping paddings ENABLED
[2017.03.08-22.17.33:287][217]LogStaticLightingSystem: Running Lightmass w/ Mapping debug paddings DISABLED
[2017.03.08-22.17.33:378][217]Cmd: MAP CHECK DONTDISPLAYDIALOG
[2017.03.08-22.17.33:378][217]MapCheck: New page: Level1 - Mar 9, 2017, 12:17:33 AM
[2017.03.08-22.17.33:379][217]MapCheck:Error: Error WorldSettings_1 Maps need lighting rebuilt 
[2017.03.08-22.17.33:415][217]MapCheck: Info Map check complete: 1 Error(s), 0 Warning(s), took 36.297ms to complete.
[2017.03.08-22.17.33:436][217]LogEditorBuildUtils: Build time 0:03
[2017.03.08-22.17.43:399][348]Job is a success!
[2017.03.08-22.17.43:943][350]LogTexture:Display: Building textures: HQ_Lightmap0_1 (AutoDXT)
[2017.03.08-22.17.43:943][350]LogTexture:Display: Building textures: LQ_Lightmap_0_1 (DXT1)
[2017.03.08-22.17.43:943][350]LogTexture:Display: Building textures: HQ_Lightmap0_2 (AutoDXT)
[2017.03.08-22.17.43:943][350]LogTexture:Display: Building textures: LQ_Lightmap_0_2 (DXT1)
[2017.03.08-22.17.43:943][350]LogTexture:Display: Building textures: HQ_Lightmap1_3 (AutoDXT)
[2017.03.08-22.17.43:943][350]LogTexture:Display: Building textures: LQ_Lightmap_1_3 (DXT1)
[2017.03.08-22.17.43:943][350]LogTexture:Display: Building textures: HQ_Lightmap0_4 (AutoDXT)
[2017.03.08-22.17.43:943][350]LogTexture:Display: Building textures: LQ_Lightmap_0_4 (DXT1)
[2017.03.08-22.17.44:048][350]LogTexture:Display: Building textures: ShadowMapTexture2D_0 (G8)
[2017.03.08-22.17.44:048][350]LogTexture:Display: Building textures: ShadowMapTexture2D_1 (G8)
[2017.03.08-22.17.44:048][350]LogTexture:Display: Building textures: ShadowMapTexture2D_2 (G8)
[2017.03.08-22.17.44:048][350]LogTexture:Display: Building textures: ShadowMapTexture2D_3 (G8)
[2017.03.08-22.17.44:092][350]LogStaticLightingSystem: Illumination: 13.4 sec (382 ms encoding lightmaps, 101 ms encoding shadowmaps)
[2017.03.08-22.17.44:092][350]LogStaticLightingSystem: Lightmap texture memory:  2.6 MB (0.6 MB streaming, 2.0 MB non-streaming), 8 textures
[2017.03.08-22.17.44:092][350]LogStaticLightingSystem: Shadowmap texture memory: 0.9 MB (0.2 MB streaming, 0.7 MB non-streaming), 4 textures
[2017.03.08-22.17.44:297][351]Cmd: MAP CHECK NOTIFYRESULTS
[2017.03.08-22.17.44:297][351]MapCheck: New page: Level1 - Mar 9, 2017, 12:17:44 AM
[2017.03.08-22.17.44:335][351]MapCheck: Info Map check complete: 0 Error(s), 0 Warning(s), took 37.938ms to complete.
[2017.03.08-22.18.02:464][489]Cmd: TRANSACTION UNDO
[2017.03.08-22.18.02:464][489]LogEditorTransaction: Undo Create Actors
[2017.03.08-22.18.04:900][772]Cmd: TRANSACTION UNDO
[2017.03.08-22.18.04:900][772]LogEditorTransaction: Undo Create Actors
[2017.03.08-22.19.20:397][571]Cmd: OBJ SAVEPACKAGE PACKAGE="/Game/Maps/Level1" FILE="../../../../../../PROJEKTY/StarterContent/IKSDEDE/Content/Maps/Level1.umap" SILENT=true AUTOSAVING=false KEEPDIRTY=false
[2017.03.08-22.19.20:592][571]LogSavePackage: Save=186.63ms
[2017.03.08-22.19.20:592][571]LogSavePackage: Moving '../../../../../../PROJEKTY/StarterContent/IKSDEDE/Saved/Level18627C8654C5A9894333F7BA2F72C2570.tmp' to '../../../../../../PROJEKTY/StarterContent/IKSDEDE/Content/Maps/Level1.umap'
[2017.03.08-22.19.20:594][571]LogSavePackage:Display: Finished SavePackage ../../../../../../PROJEKTY/StarterContent/IKSDEDE/Content/Maps/Level1.umap
[2017.03.08-22.19.20:609][571]LogFileHelpers: Saving map 'Level1' took 0.250
[2017.03.08-22.21.19:542][ 64]LogEditorViewport: Clicking on Actor (LMB): Brush (Cylinder Brush3)
[2017.03.08-22.21.20:210][137]LogEditorViewport: Clicking on Actor (LMB): SkeletalMeshActor (SK_Mannequin2)
[2017.03.08-22.21.25:367][735]LogEditorViewport: Clicking on Actor (LMB): StaticMeshActor (Floor4)
[2017.03.08-22.22.14:051][362]LogEditorViewport: Clicking on Actor (LMB): StaticMeshActor (Floor4)
[2017.03.08-22.22.18:048][823]LogEditorViewport: Clicking on Actor (LMB): StaticMeshActor (Floor4)
[2017.03.08-22.22.19:302][965]LogEditorViewport: Clicking on Actor (LMB): StaticMeshActor (Floor4)
[2017.03.08-22.22.25:525][687]Cmd: OBJ SAVEPACKAGE PACKAGE="/Game/Maps/Level1" FILE="../../../../../../PROJEKTY/StarterContent/IKSDEDE/Content/Maps/Level1.umap" SILENT=true AUTOSAVING=false KEEPDIRTY=false
[2017.03.08-22.22.25:692][687]LogSavePackage: Save=152.65ms
[2017.03.08-22.22.25:692][687]LogSavePackage: Moving '../../../../../../PROJEKTY/StarterContent/IKSDEDE/Saved/Level1352C91104E8A166357F179AFB508657B.tmp' to '../../../../../../PROJEKTY/StarterContent/IKSDEDE/Content/Maps/Level1.umap'
[2017.03.08-22.22.25:694][687]LogSavePackage:Display: Finished SavePackage ../../../../../../PROJEKTY/StarterContent/IKSDEDE/Content/Maps/Level1.umap
[2017.03.08-22.22.25:710][687]LogFileHelpers: Saving map 'Level1' took 0.222
[2017.03.08-22.22.40:474][387]LogEditorViewport: Clicking on Actor (CTRL LMB): StaticMeshActor (Floor)
[2017.03.08-22.23.06:055][317]LogTextFormatter:Warning: Failed to parse argument "DropPath" as a number (using "0" as a fallback). Please check your format string for errors: "Move into "{DropPath}"".
[2017.03.08-22.23.09:226][676]LogEditorViewport: Clicking on Actor (LMB): Brush (Box Brush98)
[2017.03.08-22.23.15:660][380]LogTextFormatter:Warning: Failed to parse argument "DropPath" as a number (using "0" as a fallback). Please check your format string for errors: "Move into "{DropPath}"".
[2017.03.08-22.31.13:118][124]LogEditorViewport: Clicking on Actor (LMB): StaticMeshActor (Floor4)
[2017.03.08-22.31.13:578][170]LogEditorViewport: Clicking on Actor (LMB): StaticMeshActor (Floor)
[2017.03.08-22.31.14:426][260]LogEditorViewport: Clicking on Actor (LMB): StaticMeshActor (Floor4)
[2017.03.08-22.31.28:816][938]Cmd: TRANSACTION UNDO
[2017.03.08-22.31.28:816][938]LogEditorTransaction: Undo Rotate Actors
[2017.03.08-22.31.32:706][397]Cmd: TRANSACTION UNDO
[2017.03.08-22.31.32:706][397]LogEditorTransaction: Undo Rotate Actors
[2017.03.08-22.31.34:731][634]Cmd: TRANSACTION UNDO
[2017.03.08-22.31.34:731][634]LogEditorTransaction: Undo Clicking on Actors
[2017.03.08-22.31.39:574][201]Cmd: TRANSACTION UNDO
[2017.03.08-22.31.39:574][201]LogEditorTransaction: Undo Edit Intensity
[2017.03.08-22.32.25:882][599]Cmd: OBJ SAVEPACKAGE PACKAGE="/Game/Maps/Level1" FILE="../../../../../../PROJEKTY/StarterContent/IKSDEDE/Saved/Autosaves/Game/Maps/Level1_Auto1.umap" SILENT=true AUTOSAVING=true KEEPDIRTY=false
[2017.03.08-22.32.26:046][599]LogSavePackage: Save=156.17ms
[2017.03.08-22.32.26:046][599]LogSavePackage: Moving '../../../../../../PROJEKTY/StarterContent/IKSDEDE/Saved/Level1_Auto11A7000BE445C0D8977C09D94668ECD19.tmp' to '../../../../../../PROJEKTY/StarterContent/IKSDEDE/Saved/Autosaves/Game/Maps/Level1_Auto1.umap'
[2017.03.08-22.32.26:047][599]LogSavePackage:Display: Finished SavePackage ../../../../../../PROJEKTY/StarterContent/IKSDEDE/Saved/Autosaves/Game/Maps/Level1_Auto1.umap
[2017.03.08-22.32.26:050][599]LogFileHelpers: Editor autosave (incl. sublevels) for '/Game/Maps/Level1' took 0.179
[2017.03.08-22.32.26:050][599]LogFileHelpers: Editor autosave (incl. sublevels) for all levels took 0.179
[2017.03.08-22.35.38:118][469]MapCheck: New page: Map Check
[2017.03.08-22.35.38:126][469]Cmd: MAP REBUILD ALLVISIBLE
[2017.03.08-22.35.38:127][469]LogEditorServer: Rebuildmap Clear paths rebuilt
[2017.03.08-22.35.38:452][469]LogMaterial: Missing cached shader map for material FDebugViewModeMaterialProxy WorldGridMaterial, compiling. Is special engine material.
[2017.03.08-22.35.38:457][469]LogMaterial: Missing cached shader map for material FDebugViewModeMaterialProxy DefaultMaterial, compiling. 
[2017.03.08-22.35.38:461][469]LogMaterial: Missing cached shader map for material FDebugViewModeMaterialProxy MaterialInstanceDynamic_2, compiling. 
[2017.03.08-22.35.38:466][469]LogMaterial: Missing cached shader map for material FDebugViewModeMaterialProxy M_UE4Man_Body, compiling. 
[2017.03.08-22.35.38:472][469]LogMaterial: Missing cached shader map for material FDebugViewModeMaterialProxy M_UE4Man_ChestLogo, compiling. 
[2017.03.08-22.35.39:196][469]LogLevel:Display: Export Material TexCoord Scales took 0.004 seconds.
[2017.03.08-22.35.39:204][469]TextureStreamingBuild:Display: Build Texture Streaming took 0.008 seconds.
[2017.03.08-22.35.39:210][469]LightingResults: New page: Lighting Build - Mar 9, 2017, 12:35:39 AM
[2017.03.08-22.35.39:217][469]LogSwarmInterface: [OpenConnection] Registering TCP channel ...
[2017.03.08-22.35.39:218][469]LogSwarmInterface: [OpenConnection] Connecting to agent ...
[2017.03.08-22.35.39:218][469]LogSwarmInterface: [TryOpenConnection] Testing the Agent
[2017.03.08-22.35.39:219][469]LogSwarmInterface: [TryOpenConnection] Opening Connection to Agent
[2017.03.08-22.35.39:219][469]LogSwarmInterface: [TryOpenConnection] Local Process ID is 4208
[2017.03.08-22.35.43:725][469]LogStaticLightingSystem: Running Lightmass w/ ImmediateImport mode ENABLED
[2017.03.08-22.35.43:725][469]LogStaticLightingSystem: Running Lightmass w/ ImmediateProcess mode ENABLED
[2017.03.08-22.35.43:725][469]LogStaticLightingSystem: Running Lightmass w/ Sorting mode ENABLED
[2017.03.08-22.35.43:725][469]LogStaticLightingSystem: Running Lightmass w/ Mapping paddings ENABLED
[2017.03.08-22.35.43:725][469]LogStaticLightingSystem: Running Lightmass w/ Mapping debug paddings DISABLED
[2017.03.08-22.35.43:797][469]Cmd: MAP CHECK DONTDISPLAYDIALOG
[2017.03.08-22.35.43:798][469]MapCheck: New page: Level1 - Mar 9, 2017, 12:35:43 AM
[2017.03.08-22.35.43:798][469]MapCheck:Error: Error WorldSettings_1 Maps need lighting rebuilt 
[2017.03.08-22.35.43:833][469]MapCheck: Info Map check complete: 1 Error(s), 0 Warning(s), took 35.947ms to complete.
[2017.03.08-22.35.43:855][469]LogEditorBuildUtils: Build time 0:05
[2017.03.08-22.35.49:442][849]Job is a success!
[2017.03.08-22.35.50:377][850]LogTexture:Display: Building textures: HQ_Lightmap0_1 (AutoDXT)
[2017.03.08-22.35.50:377][850]LogTexture:Display: Building textures: LQ_Lightmap_0_1 (DXT1)
[2017.03.08-22.35.50:377][850]LogTexture:Display: Building textures: HQ_Lightmap1_2 (AutoDXT)
[2017.03.08-22.35.50:377][850]LogTexture:Display: Building textures: LQ_Lightmap_1_2 (DXT1)
[2017.03.08-22.35.50:377][850]LogTexture:Display: Building textures: HQ_Lightmap0_3 (AutoDXT)
[2017.03.08-22.35.50:377][850]LogTexture:Display: Building textures: LQ_Lightmap_0_3 (DXT1)
[2017.03.08-22.35.50:377][850]LogTexture:Display: Building textures: HQ_Lightmap1_4 (AutoDXT)
[2017.03.08-22.35.50:377][850]LogTexture:Display: Building textures: LQ_Lightmap_1_4 (DXT1)
[2017.03.08-22.35.50:490][850]LogTexture:Display: Building textures: ShadowMapTexture2D_4 (G8)
[2017.03.08-22.35.50:490][850]LogTexture:Display: Building textures: ShadowMapTexture2D_5 (G8)
[2017.03.08-22.35.50:490][850]LogTexture:Display: Building textures: ShadowMapTexture2D_6 (G8)
[2017.03.08-22.35.50:490][850]LogTexture:Display: Building textures: ShadowMapTexture2D_7 (G8)
[2017.03.08-22.35.50:506][850]Lightmass on DESKTOP-ECHVAVT: 6.12 sec total, 127 ms importing, 25 ms setup, 1.93 sec photons, 4.00 sec processing, 0 ms extra exporting [482/482 mappings]. Threads: 16.0 sec total, 7.32 sec processing.
[2017.03.08-22.35.50:541][850]LogStaticLightingSystem: Illumination: 10.9 sec (448 ms encoding lightmaps, 107 ms encoding shadowmaps)
[2017.03.08-22.35.50:541][850]LogStaticLightingSystem: Lightmap texture memory:  2.6 MB (0.6 MB streaming, 2.0 MB non-streaming), 8 textures
[2017.03.08-22.35.50:541][850]LogStaticLightingSystem: Shadowmap texture memory: 0.9 MB (0.2 MB streaming, 0.7 MB non-streaming), 4 textures
[2017.03.08-22.35.55:735][851]Cmd: MAP CHECK NOTIFYRESULTS
[2017.03.08-22.35.55:735][851]MapCheck: New page: Level1 - Mar 9, 2017, 12:35:55 AM
[2017.03.08-22.35.55:775][851]MapCheck: Info Map check complete: 0 Error(s), 0 Warning(s), took 39.268ms to complete.
[2017.03.08-22.42.00:491][ 78]Cmd: OBJ SAVEPACKAGE PACKAGE="/Game/Maps/Level1" FILE="../../../../../../PROJEKTY/StarterContent/IKSDEDE/Content/Maps/Level1.umap" SILENT=true AUTOSAVING=false KEEPDIRTY=false
[2017.03.08-22.42.00:705][ 78]LogSavePackage: Save=198.85ms
[2017.03.08-22.42.00:705][ 78]LogSavePackage: Moving '../../../../../../PROJEKTY/StarterContent/IKSDEDE/Saved/Level140C64D914123EB0ABED46F9A59CF8E9A.tmp' to '../../../../../../PROJEKTY/StarterContent/IKSDEDE/Content/Maps/Level1.umap'
[2017.03.08-22.42.00:707][ 78]LogSavePackage:Display: Finished SavePackage ../../../../../../PROJEKTY/StarterContent/IKSDEDE/Content/Maps/Level1.umap
[2017.03.08-22.42.00:720][ 78]LogFileHelpers: Saving map 'Level1' took 0.273
[2017.03.08-22.42.00:760][ 78]LogWindowsTextInputMethodSystem:Display: IME system now deactivated.
[2017.03.08-22.42.00:922][ 79]Cmd: QUIT_EDITOR
[2017.03.08-22.42.01:091][ 79]LogExit: Preparing to exit.
[2017.03.08-22.42.02:199][ 79]LogDirectoryWatcher: A directory notification for 'D:/PROJEKTY/StarterContent/IKSDEDE/Content/' was aborted.
[2017.03.08-22.42.02:216][ 79]LogExit: Editor shut down
[2017.03.08-22.42.02:216][ 79]LogExit: Transaction tracking system shut down
[2017.03.08-22.42.02:286][ 79]LogObj: Freed 0b from 0 cluster array pools.
[2017.03.08-22.42.02:286][ 79]LogExit: Object subsystem successfully closed.
[2017.03.08-22.42.02:295][ 79]LogD3D11RHI: Shutdown
[2017.03.08-22.42.02:295][ 79]LogD3D11RHI: CleanupD3DDevice
[2017.03.08-22.42.02:347][ 79]LogD3D11RHI: ~FD3D11DynamicRHI
[2017.03.08-22.42.02:352][ 79]LogModuleManager: Shutting down and abandoning module HierarchicalLODUtilities (237)
[2017.03.08-22.42.02:352][ 79]LogModuleManager: Shutting down and abandoning module MovieSceneCapture (236)
[2017.03.08-22.42.02:352][ 79]LogModuleManager: Shutting down and abandoning module HierarchicalLODOutliner (235)
[2017.03.08-22.42.02:352][ 79]LogModuleManager: Shutting down and abandoning module CrashTracker (234)
[2017.03.08-22.42.02:352][ 79]LogModuleManager: Shutting down and abandoning module SceneOutliner (233)
[2017.03.08-22.42.02:352][ 79]LogModuleManager: Shutting down and abandoning module WidgetCarousel (232)
[2017.03.08-22.42.02:352][ 79]LogModuleManager: Shutting down and abandoning module AddContentDialog (231)
[2017.03.08-22.42.02:352][ 79]LogDirectoryWatcher: A directory notification for 'D:/Programy/UnrealEngine/UE_4.13/FeaturePacks/' was aborted.
[2017.03.08-22.42.02:353][ 79]LogModuleManager: Shutting down and abandoning module GameplayTags (230)
[2017.03.08-22.42.02:353][ 79]LogModuleManager: Shutting down and abandoning module EditorWidgets (229)
[2017.03.08-22.42.02:353][ 79]LogModuleManager: Shutting down and abandoning module CollectionManager (228)
[2017.03.08-22.42.02:353][ 79]LogDirectoryWatcher: A directory notification for 'D:/PROJEKTY/StarterContent/IKSDEDE/Content/Collections/' was aborted.
[2017.03.08-22.42.02:353][ 79]LogDirectoryWatcher: A directory notification for 'D:/PROJEKTY/StarterContent/IKSDEDE/Content/Developers/Beny/Collections/' was aborted.
[2017.03.08-22.42.02:353][ 79]LogDirectoryWatcher: A directory notification for 'D:/PROJEKTY/StarterContent/IKSDEDE/Saved/Collections/' was aborted.
[2017.03.08-22.42.02:353][ 79]LogModuleManager: Shutting down and abandoning module StatsViewer (227)
[2017.03.08-22.42.02:353][ 79]LogModuleManager: Shutting down and abandoning module FoliageEdit (226)
[2017.03.08-22.42.02:353][ 79]LogModuleManager: Shutting down and abandoning module LandscapeEditor (225)
[2017.03.08-22.42.02:353][ 79]LogModuleManager: Shutting down and abandoning module SceneDepthPickerMode (224)
[2017.03.08-22.42.02:353][ 79]LogModuleManager: Shutting down and abandoning module ActorPickerMode (223)
[2017.03.08-22.42.02:353][ 79]LogModuleManager: Shutting down and abandoning module GeometryMode (222)
[2017.03.08-22.42.02:353][ 79]LogModuleManager: Shutting down and abandoning module TextureAlignMode (221)
[2017.03.08-22.42.02:353][ 79]LogModuleManager: Shutting down and abandoning module BspMode (220)
[2017.03.08-22.42.02:353][ 79]LogModuleManager: Shutting down and abandoning module HardwareSurvey (219)
[2017.03.08-22.42.02:353][ 79]LogModuleManager: Shutting down and abandoning module SequenceRecorderSections (218)
[2017.03.08-22.42.02:353][ 79]LogModuleManager: Shutting down and abandoning module SequenceRecorder (217)
[2017.03.08-22.42.02:353][ 79]LogModuleManager: Shutting down and abandoning module AutomationWorker (216)
[2017.03.08-22.42.02:353][ 79]LogModuleManager: Shutting down and abandoning module MatineeToLevelSequence (215)
[2017.03.08-22.42.02:353][ 79]LogModuleManager: Shutting down and abandoning module PlacementMode (214)
[2017.03.08-22.42.02:353][ 79]LogModuleManager: Shutting down and abandoning module LevelSequenceEditor (213)
[2017.03.08-22.42.02:353][ 79]LogModuleManager: Shutting down and abandoning module WmfMediaFactory (212)
[2017.03.08-22.42.02:353][ 79]LogModuleManager: Shutting down and abandoning module WmfMediaEditor (211)
[2017.03.08-22.42.02:353][ 79]LogModuleManager: Shutting down and abandoning module AvfMediaFactory (210)
[2017.03.08-22.42.02:353][ 79]LogModuleManager: Shutting down and abandoning module AvfMediaEditor (209)
[2017.03.08-22.42.02:353][ 79]LogModuleManager: Shutting down and abandoning module Media (208)
[2017.03.08-22.42.02:353][ 79]LogModuleManager: Shutting down and abandoning module AndroidMediaFactory (207)
[2017.03.08-22.42.02:353][ 79]LogModuleManager: Shutting down and abandoning module AndroidMediaEditor (206)
[2017.03.08-22.42.02:353][ 79]LogModuleManager: Shutting down and abandoning module CharacterAI (205)
[2017.03.08-22.42.02:353][ 79]LogModuleManager: Shutting down and abandoning module SmartSnapping (204)
[2017.03.08-22.42.02:353][ 79]LogModuleManager: Shutting down and abandoning module SessionServices (203)
[2017.03.08-22.42.02:353][ 79]LogModuleManager: Shutting down and abandoning module ViewportSnapping (202)
[2017.03.08-22.42.02:353][ 79]LogModuleManager: Shutting down and abandoning module ViewportInteraction (201)
[2017.03.08-22.42.02:353][ 79]LogModuleManager: Shutting down and abandoning module LogVisualizer (200)
[2017.03.08-22.42.02:354][ 79]LogModuleManager: Shutting down and abandoning module GameProjectGeneration (199)
[2017.03.08-22.42.02:354][ 79]LogModuleManager: Shutting down and abandoning module IntroTutorials (198)
[2017.03.08-22.42.02:354][ 79]LogModuleManager: Shutting down and abandoning module EditorLiveStreaming (197)
[2017.03.08-22.42.02:354][ 79]LogModuleManager: Shutting down and abandoning module IOSPlatformEditor (196)
[2017.03.08-22.42.02:354][ 79]LogModuleManager: Shutting down and abandoning module HTML5PlatformEditor (195)
[2017.03.08-22.42.02:354][ 79]LogModuleManager: Shutting down and abandoning module AndroidDeviceDetection (194)
[2017.03.08-22.42.02:876][ 79]LogModuleManager: Shutting down and abandoning module AndroidPlatformEditor (193)
[2017.03.08-22.42.02:876][ 79]LogModuleManager: Shutting down and abandoning module IOSRuntimeSettings (192)
[2017.03.08-22.42.02:876][ 79]LogModuleManager: Shutting down and abandoning module AndroidRuntimeSettings (191)
[2017.03.08-22.42.02:876][ 79]LogModuleManager: Shutting down and abandoning module NiagaraEditor (190)
[2017.03.08-22.42.02:876][ 79]LogModuleManager: Shutting down and abandoning module MergeActors (189)
[2017.03.08-22.42.02:876][ 79]LogModuleManager: Shutting down and abandoning module SizeMap (188)
[2017.03.08-22.42.02:876][ 79]LogModuleManager: Shutting down and abandoning module TreeMap (187)
[2017.03.08-22.42.02:876][ 79]LogModuleManager: Shutting down and abandoning module ReferenceViewer (186)
[2017.03.08-22.42.02:877][ 79]LogModuleManager: Shutting down and abandoning module LocalizationService (185)
[2017.03.08-22.42.02:877][ 79]LogModuleManager: Shutting down and abandoning module LocalizationDashboard (184)
[2017.03.08-22.42.02:877][ 79]LogModuleManager: Shutting down and abandoning module HardwareTargeting (183)
[2017.03.08-22.42.02:877][ 79]LogModuleManager: Shutting down and abandoning module DeviceProfileEditor (182)
[2017.03.08-22.42.02:877][ 79]LogModuleManager: Shutting down and abandoning module UndoHistory (181)
[2017.03.08-22.42.02:877][ 79]LogModuleManager: Shutting down and abandoning module UserFeedback (180)
[2017.03.08-22.42.02:877][ 79]LogModuleManager: Shutting down and abandoning module XmlParser (179)
[2017.03.08-22.42.02:877][ 79]LogModuleManager: Shutting down and abandoning module Blutility (178)
[2017.03.08-22.42.02:877][ 79]LogModuleManager: Shutting down and abandoning module ProjectTargetPlatformEditor (177)
[2017.03.08-22.42.02:877][ 79]LogModuleManager: Shutting down and abandoning module ProjectSettingsViewer (176)
[2017.03.08-22.42.02:877][ 79]LogModuleManager: Shutting down and abandoning module InputBindingEditor (175)
[2017.03.08-22.42.02:877][ 79]LogModuleManager: Shutting down and abandoning module EditorSettingsViewer (174)
[2017.03.08-22.42.02:877][ 79]LogModuleManager: Shutting down and abandoning module SettingsEditor (173)
[2017.03.08-22.42.02:877][ 79]LogModuleManager: Shutting down and abandoning module ProjectLauncher (172)
[2017.03.08-22.42.02:877][ 79]LogModuleManager: Shutting down and abandoning module SessionFrontend (171)
[2017.03.08-22.42.02:877][ 79]LogModuleManager: Shutting down and abandoning module ProfilerClient (170)
[2017.03.08-22.42.02:877][ 79]LogModuleManager: Shutting down and abandoning module TargetDeviceServices (169)
[2017.03.08-22.42.02:877][ 79]LogModuleManager: Shutting down and abandoning module DeviceManager (168)
[2017.03.08-22.42.02:930][ 79]LogModuleManager: Shutting down and abandoning module AutomationController (167)
[2017.03.08-22.42.02:930][ 79]LogModuleManager: Shutting down and abandoning module AutomationWindow (166)
[2017.03.08-22.42.02:930][ 79]LogModuleManager: Shutting down and abandoning module Layers (165)
[2017.03.08-22.42.02:930][ 79]LogModuleManager: Shutting down and abandoning module ComponentVisualizers (164)
[2017.03.08-22.42.02:930][ 79]LogModuleManager: Shutting down and abandoning module DetailCustomizations (163)
[2017.03.08-22.42.02:930][ 79]LogModuleManager: Shutting down and abandoning module PackagesDialog (162)
[2017.03.08-22.42.02:930][ 79]LogModuleManager: Shutting down and abandoning module AnimGraph (161)
[2017.03.08-22.42.02:930][ 79]LogModuleManager: Shutting down and abandoning module Persona (160)
[2017.03.08-22.42.02:930][ 79]LogModuleManager: Shutting down and abandoning module Kismet (159)
[2017.03.08-22.42.02:931][ 79]LogModuleManager: Shutting down and abandoning module GraphEditor (158)
[2017.03.08-22.42.02:931][ 79]LogModuleManager: Shutting down and abandoning module ClassViewer (157)
[2017.03.08-22.42.02:931][ 79]LogModuleManager: Shutting down and abandoning module Toolbox (156)
[2017.03.08-22.42.02:931][ 79]LogModuleManager: Shutting down and abandoning module ModuleUI (155)
[2017.03.08-22.42.02:931][ 79]LogModuleManager: Shutting down and abandoning module MovieSceneTools (154)
[2017.03.08-22.42.02:931][ 79]LogModuleManager: Shutting down and abandoning module OutputLog (153)
[2017.03.08-22.42.02:931][ 79]LogModuleManager: Shutting down and abandoning module GammaUI (152)
[2017.03.08-22.42.02:931][ 79]LogModuleManager: Shutting down and abandoning module Documentation (151)
[2017.03.08-22.42.02:931][ 79]LogModuleManager: Shutting down and abandoning module Niagara (150)
[2017.03.08-22.42.02:931][ 79]LogModuleManager: Shutting down and abandoning module StreamingPauseRendering (149)
[2017.03.08-22.42.02:931][ 79]LogModuleManager: Shutting down and abandoning module AnalyticsET (148)
[2017.03.08-22.42.02:931][ 79]LogModuleManager: Shutting down and abandoning module PortalServices (147)
[2017.03.08-22.42.02:931][ 79]LogModuleManager: Shutting down and abandoning module PortalRpc (146)
[2017.03.08-22.42.02:931][ 79]LogModuleManager: Shutting down and abandoning module MessagingRpc (145)
[2017.03.08-22.42.02:931][ 79]LogModuleManager: Shutting down and abandoning module GameplayDebugger (144)
[2017.03.08-22.42.02:931][ 79]LogModuleManager: Shutting down and abandoning module AITestSuite (143)
[2017.03.08-22.42.02:931][ 79]LogModuleManager: Shutting down and abandoning module AIModule (142)
[2017.03.08-22.42.02:931][ 79]LogModuleManager: Shutting down and abandoning module ProfilerService (141)
[2017.03.08-22.42.02:940][ 79]LogModuleManager: Shutting down and abandoning module TaskGraph (140)
[2017.03.08-22.42.02:940][ 79]LogModuleManager: Shutting down and abandoning module SubstanceEditor (139)
[2017.03.08-22.42.02:940][ 79]LogModuleManager: Shutting down and abandoning module SlateRemote (138)
[2017.03.08-22.42.02:940][ 79]LogModuleManager: Shutting down and abandoning module SteamVRController (137)
[2017.03.08-22.42.02:940][ 79]LogModuleManager: Shutting down and abandoning module SteamVR (136)
[2017.03.08-22.42.02:940][ 79]LogModuleManager: Shutting down and abandoning module ProceduralMeshComponentEditor (135)
[2017.03.08-22.42.02:940][ 79]LogModuleManager: Shutting down and abandoning module ProceduralMeshComponent (134)
[2017.03.08-22.42.02:940][ 79]LogModuleManager: Shutting down and abandoning module OculusLibrary (133)
[2017.03.08-22.42.02:940][ 79]LogModuleManager: Shutting down and abandoning module OculusInput (132)
[2017.03.08-22.42.02:940][ 79]LogModuleManager: Shutting down and abandoning module CustomMeshComponent (131)
[2017.03.08-22.42.02:941][ 79]LogModuleManager: Shutting down and abandoning module CableComponent (130)
[2017.03.08-22.42.02:941][ 79]LogModuleManager: Shutting down and abandoning module ArchVisCharacter (129)
[2017.03.08-22.42.02:941][ 79]LogModuleManager: Shutting down and abandoning module MediaPlayerEditor (127)
[2017.03.08-22.42.02:941][ 79]LogModuleManager: Shutting down and abandoning module HTML5Networking (126)
[2017.03.08-22.42.02:941][ 79]LogModuleManager: Shutting down and abandoning module GeometryCacheEd (125)
[2017.03.08-22.42.02:941][ 79]LogModuleManager: Shutting down and abandoning module GeometryCache (124)
[2017.03.08-22.42.02:941][ 79]LogModuleManager: Shutting down and abandoning module AlembicLibrary (123)
[2017.03.08-22.42.02:941][ 79]LogModuleManager: Shutting down and abandoning module AlembicImporter (122)
[2017.03.08-22.42.02:941][ 79]LogModuleManager: Shutting down and abandoning module SuperSearch (121)
[2017.03.08-22.42.02:941][ 79]LogModuleManager: Shutting down and abandoning module SuperSearchEditor (120)
[2017.03.08-22.42.02:941][ 79]LogModuleManager: Shutting down and abandoning module SpeedTreeImporter (119)
[2017.03.08-22.42.02:941][ 79]LogModuleManager: Shutting down and abandoning module PluginBrowser (118)
[2017.03.08-22.42.02:941][ 79]LogModuleManager: Shutting down and abandoning module MobileLauncherProfileWizard (117)
[2017.03.08-22.42.02:941][ 79]LogModuleManager: Shutting down and abandoning module EpicSurvey (116)
[2017.03.08-22.42.02:941][ 79]LogModuleManager: Shutting down and abandoning module DesktopPlatform (115)
[2017.03.08-22.42.02:941][ 79]LogModuleManager: Shutting down and abandoning module VisualStudioSourceCodeAccess (114)
[2017.03.08-22.42.02:941][ 79]LogModuleManager: Shutting down and abandoning module UObjectPlugin (113)
[2017.03.08-22.42.02:941][ 79]LogModuleManager: Shutting down and abandoning module SubversionSourceControl (112)
[2017.03.08-22.42.02:941][ 79]LogModuleManager: Shutting down and abandoning module PerforceSourceControl (111)
[2017.03.08-22.42.02:941][ 79]LogModuleManager: Shutting down and abandoning module SourceControl (110)
[2017.03.08-22.42.02:941][ 79]LogModuleManager: Shutting down and abandoning module GitSourceControl (109)
[2017.03.08-22.42.02:941][ 79]LogModuleManager: Shutting down and abandoning module LightPropagationVolumeEditor (108)
[2017.03.08-22.42.02:941][ 79]LogModuleManager: Shutting down and abandoning module PaperTiledImporter (107)
[2017.03.08-22.42.02:941][ 79]LogModuleManager: Shutting down and abandoning module PaperSpriteSheetImporter (106)
[2017.03.08-22.42.02:941][ 79]LogModuleManager: Shutting down and abandoning module MeshPaint (105)
[2017.03.08-22.42.02:941][ 79]LogModuleManager: Shutting down and abandoning module FbxAutomationBuilderModule (104)
[2017.03.08-22.42.02:941][ 79]LogModuleManager: Shutting down and abandoning module PixelInspectorModule (103)
[2017.03.08-22.42.02:941][ 79]LogModuleManager: Shutting down and abandoning module HotReload (102)
[2017.03.08-22.42.02:941][ 79]LogModuleManager: Shutting down and abandoning module MainFrame (101)
[2017.03.08-22.42.02:941][ 79]LogModuleManager: Shutting down and abandoning module LevelEditor (100)
[2017.03.08-22.42.02:942][ 79]LogModuleManager: Shutting down and abandoning module ContentBrowser (99)
[2017.03.08-22.42.02:943][ 79]LogModuleManager: Shutting down and abandoning module Paper2DEditor (98)
[2017.03.08-22.42.02:943][ 79]LogModuleManager: Shutting down and abandoning module UdpMessaging (97)
[2017.03.08-22.42.03:043][ 79]LogModuleManager: Shutting down and abandoning module TcpMessaging (96)
[2017.03.08-22.42.03:143][ 79]LogModuleManager: Shutting down and abandoning module SubstanceCore (95)
[2017.03.08-22.42.03:143][ 79]LogModuleManager: Shutting down and abandoning module LightPropagationVolumeRuntime (94)
[2017.03.08-22.42.03:143][ 79]LogModuleManager: Shutting down and abandoning module Paper2D (93)
[2017.03.08-22.42.03:143][ 79]LogModuleManager: Shutting down and abandoning module WindowsMoviePlayer (92)
[2017.03.08-22.42.03:143][ 79]LogModuleManager: Shutting down and abandoning module WmfMedia (91)
[2017.03.08-22.42.03:143][ 79]LogModuleManager: Shutting down and abandoning module MediaAssets (90)
[2017.03.08-22.42.03:143][ 79]LogModuleManager: Shutting down and abandoning module GameLiveStreaming (89)
[2017.03.08-22.42.03:143][ 79]LogModuleManager: Shutting down and abandoning module GameplayTagsEditor (88)
[2017.03.08-22.42.03:143][ 79]LogModuleManager: Shutting down and abandoning module VREditor (87)
[2017.03.08-22.42.03:143][ 79]LogModuleManager: Shutting down and abandoning module GameplayTasksEditor (86)
[2017.03.08-22.42.03:143][ 79]LogModuleManager: Shutting down and abandoning module PropertyEditor (85)
[2017.03.08-22.42.03:143][ 79]LogModuleManager: Shutting down and abandoning module BehaviorTreeEditor (84)
[2017.03.08-22.42.03:143][ 79]LogModuleManager: Shutting down and abandoning module FunctionalTesting (83)
[2017.03.08-22.42.03:143][ 79]LogModuleManager: Shutting down and abandoning module CollisionAnalyzer (82)
[2017.03.08-22.42.03:143][ 79]LogModuleManager: Shutting down and abandoning module Sequencer (81)
[2017.03.08-22.42.03:143][ 79]LogModuleManager: Shutting down and abandoning module WorkspaceMenuStructure (80)
[2017.03.08-22.42.03:143][ 79]LogModuleManager: Shutting down and abandoning module MessageLog (79)
[2017.03.08-22.42.03:143][ 79]LogModuleManager: Shutting down and abandoning module AssetTools (78)
[2017.03.08-22.42.03:144][ 79]LogModuleManager: Shutting down and abandoning module UMGEditor (77)
[2017.03.08-22.42.03:144][ 79]LogModuleManager: Shutting down and abandoning module UMG (76)
[2017.03.08-22.42.03:144][ 79]LogModuleManager: Shutting down and abandoning module SlateReflector (75)
[2017.03.08-22.42.03:144][ 79]LogModuleManager: Shutting down and abandoning module Slate (74)
[2017.03.08-22.42.03:144][ 79]LogModuleManager: Shutting down and abandoning module EditorStyle (73)
[2017.03.08-22.42.03:145][ 79]LogModuleManager: Shutting down and abandoning module SourceCodeAccess (72)
[2017.03.08-22.42.03:146][ 79]LogModuleManager: Shutting down and abandoning module HeadMountedDisplay (71)
[2017.03.08-22.42.03:146][ 79]LogModuleManager: Shutting down and abandoning module XAudio2 (70)
[2017.03.08-22.42.03:146][ 79]LogModuleManager: Shutting down and abandoning module Networking (68)
[2017.03.08-22.42.03:146][ 79]LogModuleManager: Shutting down and abandoning module Core (67)
[2017.03.08-22.42.03:146][ 79]LogModuleManager: Shutting down and abandoning module DirectoryWatcher (66)
[2017.03.08-22.42.03:146][ 79]LogDirectoryWatcher: A directory notification for '../../../Engine/Content/' was aborted.
[2017.03.08-22.42.03:146][ 79]LogDirectoryWatcher: A directory notification for '../../../../../../PROJEKTY/StarterContent/IKSDEDE/Content/' was aborted.
[2017.03.08-22.42.03:146][ 79]LogDirectoryWatcher: A directory notification for '../../../Engine/Plugins/2D/Paper2D/Content/' was aborted.
[2017.03.08-22.42.03:146][ 79]LogModuleManager: Shutting down and abandoning module AssetRegistry (65)
[2017.03.08-22.42.03:892][ 79]LogFileManager:Warning: DeleteFile was unable to delete '../../../../../../PROJEKTY/StarterContent/IKSDEDE/Intermediate/CachedAssetRegistry.bin', retrying in .5s...
[2017.03.08-22.42.03:892][ 79]LogFileManager:Warning: DeleteFile recovered during retry!
[2017.03.08-22.42.03:892][ 79]LogModuleManager: Shutting down and abandoning module KismetCompiler (64)
[2017.03.08-22.42.03:892][ 79]LogModuleManager: Shutting down and abandoning module PhysXFormats (63)
[2017.03.08-22.42.03:892][ 79]LogModuleManager: Shutting down and abandoning module MeshUtilities (62)
[2017.03.08-22.42.03:892][ 79]LogModuleManager: Shutting down and abandoning module DerivedDataCache (61)
[2017.03.08-22.42.03:945][ 79]LogDerivedDataCache: Shutdown
[2017.03.08-22.42.03:945][ 79]LogModuleManager: Shutting down and abandoning module VulkanShaderFormat (60)
[2017.03.08-22.42.03:945][ 79]LogModuleManager: Shutting down and abandoning module ShaderFormatOpenGL (59)
[2017.03.08-22.42.03:945][ 79]LogModuleManager: Shutting down and abandoning module ShaderFormatD3D (58)
[2017.03.08-22.42.03:945][ 79]LogModuleManager: Shutting down and abandoning module MetalShaderFormat (57)
[2017.03.08-22.42.03:945][ 79]LogModuleManager: Shutting down and abandoning module TextureFormatUncompressed (56)
[2017.03.08-22.42.03:945][ 79]LogModuleManager: Shutting down and abandoning module TextureFormatPVR (55)
[2017.03.08-22.42.03:945][ 79]LogModuleManager: Shutting down and abandoning module TextureFormatDXT (54)
[2017.03.08-22.42.03:945][ 79]LogModuleManager: Shutting down and abandoning module TextureFormatIntelISPCTexComp (53)
[2017.03.08-22.42.03:945][ 79]LogModuleManager: Shutting down and abandoning module ImageWrapper (52)
[2017.03.08-22.42.03:945][ 79]LogModuleManager: Shutting down and abandoning module TextureFormatASTC (51)
[2017.03.08-22.42.03:945][ 79]LogModuleManager: Shutting down and abandoning module TextureFormatAndroid (50)
[2017.03.08-22.42.03:945][ 79]LogModuleManager: Shutting down and abandoning module AudioFormatOpus (49)
[2017.03.08-22.42.03:945][ 79]LogModuleManager: Shutting down and abandoning module AudioFormatOgg (48)
[2017.03.08-22.42.03:945][ 79]LogModuleManager: Shutting down and abandoning module AudioFormatADPCM (47)
[2017.03.08-22.42.03:945][ 79]LogModuleManager: Shutting down and abandoning module LinuxTargetPlatform (46)
[2017.03.08-22.42.03:945][ 79]LogModuleManager: Shutting down and abandoning module LinuxServerTargetPlatform (45)
[2017.03.08-22.42.03:945][ 79]LogModuleManager: Shutting down and abandoning module LinuxNoEditorTargetPlatform (44)
[2017.03.08-22.42.03:945][ 79]LogModuleManager: Shutting down and abandoning module LinuxClientTargetPlatform (43)
[2017.03.08-22.42.03:945][ 79]LogModuleManager: Shutting down and abandoning module TVOSTargetPlatform (42)
[2017.03.08-22.42.03:945][ 79]LogModuleManager: Shutting down and abandoning module Messaging (41)
[2017.03.08-22.42.03:945][ 79]LogModuleManager: Shutting down and abandoning module IOSTargetPlatform (40)
[2017.03.08-22.42.03:945][ 79]LogModuleManager: Shutting down and abandoning module HTML5TargetPlatform (39)
[2017.03.08-22.42.03:945][ 79]LogModuleManager: Shutting down and abandoning module Android_PVRTCTargetPlatform (38)
[2017.03.08-22.42.03:945][ 79]LogModuleManager: Shutting down and abandoning module Android_MultiTargetPlatform (37)
[2017.03.08-22.42.03:945][ 79]LogModuleManager: Shutting down and abandoning module Android_ETC2TargetPlatform (36)
[2017.03.08-22.42.03:945][ 79]LogModuleManager: Shutting down and abandoning module Android_ETC1TargetPlatform (35)
[2017.03.08-22.42.03:945][ 79]LogModuleManager: Shutting down and abandoning module Android_DXTTargetPlatform (34)
[2017.03.08-22.42.03:945][ 79]LogModuleManager: Shutting down and abandoning module Android_ATCTargetPlatform (33)
[2017.03.08-22.42.03:945][ 79]LogModuleManager: Shutting down and abandoning module Android_ASTCTargetPlatform (32)
[2017.03.08-22.42.03:945][ 79]LogModuleManager: Shutting down and abandoning module AndroidTargetPlatform (31)
[2017.03.08-22.42.03:945][ 79]LogModuleManager: Shutting down and abandoning module WindowsTargetPlatform (30)
[2017.03.08-22.42.03:945][ 79]LogModuleManager: Shutting down and abandoning module WindowsServerTargetPlatform (29)
[2017.03.08-22.42.03:945][ 79]LogModuleManager: Shutting down and abandoning module WindowsNoEditorTargetPlatform (28)
[2017.03.08-22.42.03:945][ 79]LogModuleManager: Shutting down and abandoning module WindowsClientTargetPlatform (27)
[2017.03.08-22.42.03:945][ 79]LogModuleManager: Shutting down and abandoning module AllDesktopTargetPlatform (26)
[2017.03.08-22.42.03:945][ 79]LogModuleManager: Shutting down and abandoning module TargetPlatform (25)
[2017.03.08-22.42.03:945][ 79]LogModuleManager: Shutting down and abandoning module InputCore (24)
[2017.03.08-22.42.03:945][ 79]LogModuleManager: Shutting down and abandoning module Settings (23)
[2017.03.08-22.42.03:945][ 79]LogModuleManager: Shutting down and abandoning module OculusRift (22)
[2017.03.08-22.42.03:945][ 79]LogModuleManager: Shutting down and abandoning module GearVR (21)
[2017.03.08-22.42.03:945][ 79]LogModuleManager: Shutting down and abandoning module ExampleDeviceProfileSelector (20)
[2017.03.08-22.42.03:945][ 79]LogModuleManager: Shutting down and abandoning module OnlineBlueprintSupport (19)
[2017.03.08-22.42.03:946][ 79]LogModuleManager: Shutting down and abandoning module OnlineSubsystem (17)
[2017.03.08-22.42.03:946][ 79]LogOnline:Display: Unloading online subsystem: NULL
[2017.03.08-22.42.03:946][ 79]LogModuleManager: Shutting down and abandoning module HTTP (16)
[2017.03.08-22.42.03:946][ 79]LogHttp:Display: Http module shutting down, but needs to wait on 1 outstanding Http requests:
[2017.03.08-22.42.03:946][ 79]LogHttp:Display: 	verb=[POST] url=[https://datarouter.ol.epicgames.com/datarouter/api/v1/public/data?SessionID=%7BE4111F7B-49B9-CA81-3010-CCB70875862A%7D&AppID=UEEditor.Rocket.Release&AppVersion=4.13.2-3172292%2B%2B%2BUE4%2BRelease-4.13&UserID=585bcf5b4488ddd71ab1ae800b008446%7C1272b81a2ff34d339dbd689a33f89361%7C34716f86-8ed8-47c3-93e9-051bebb663b6&AppEnvironment=datacollector-binary&UploadType=eteventstream] status=Processing
[2017.03.08-22.42.03:953][ 79]LogModuleManager: Shutting down and abandoning module XMPP (15)
[2017.03.08-22.42.03:953][ 79]LogModuleManager: Shutting down and abandoning module TextureCompressor (14)
[2017.03.08-22.42.03:953][ 79]LogModuleManager: Shutting down and abandoning module ShaderCore (13)
[2017.03.08-22.42.03:953][ 79]LogModuleManager: Shutting down and abandoning module Landscape (12)
[2017.03.08-22.42.03:953][ 79]LogModuleManager: Shutting down and abandoning module SlateRHIRenderer (11)
[2017.03.08-22.42.03:954][ 79]LogModuleManager: Shutting down and abandoning module OpenGLDrv (10)
[2017.03.08-22.42.03:954][ 79]LogModuleManager: Shutting down and abandoning module D3D11RHI (9)
[2017.03.08-22.42.03:954][ 79]LogModuleManager: Shutting down and abandoning module AnimGraphRuntime (8)
[2017.03.08-22.42.03:954][ 79]LogModuleManager: Shutting down and abandoning module Renderer (7)
[2017.03.08-22.42.03:954][ 79]LogModuleManager: Shutting down and abandoning module Engine (6)
[2017.03.08-22.42.03:954][ 79]LogModuleManager: Shutting down and abandoning module CoreUObject (5)
[2017.03.08-22.42.03:954][ 79]LogModuleManager: Shutting down and abandoning module NetworkFile (4)
[2017.03.08-22.42.03:954][ 79]LogModuleManager: Shutting down and abandoning module StreamingFile (3)
[2017.03.08-22.42.03:954][ 79]LogModuleManager: Shutting down and abandoning module SandboxFile (2)
[2017.03.08-22.42.03:954][ 79]LogModuleManager: Shutting down and abandoning module PakFile (1)
[2017.03.08-22.42.03:956][ 79]LogExit: Exiting.
[2017.03.08-22.42.03:958][ 79]Log file closed, 03/08/17 23:42:03
